2023-05-01 14:44:02 [INFO ] Load generated SIDs from sleepedf.txt
2023-05-01 14:44:02 [INFO ] SIDs (20): [ 0  1  2  3  4  5  6  7  8  9 10 11 12 13 14 15 16 17 18 19]
2023-05-01 14:44:02 [INFO ] Train SIDs: (17) [ 2  3  4  5  7  8  9 10 11 12 13 14 15 16 17 18 19]
2023-05-01 14:44:02 [INFO ] Valid SIDs: (2) [1 6]
2023-05-01 14:44:02 [INFO ] Test SIDs: (1) [0]
2023-05-01 14:44:02 [INFO ] Training set (n_night_sleeps=0)
2023-05-01 14:47:28 [INFO ] Load generated SIDs from sleepedf.txt
2023-05-01 14:47:28 [INFO ] SIDs (20): [ 0  1  2  3  4  5  6  7  8  9 10 11 12 13 14 15 16 17 18 19]
2023-05-01 14:47:28 [INFO ] Train SIDs: (17) [ 2  3  4  5  7  8  9 10 11 12 13 14 15 16 17 18 19]
2023-05-01 14:47:28 [INFO ] Valid SIDs: (2) [1 6]
2023-05-01 14:47:28 [INFO ] Test SIDs: (1) [0]
2023-05-01 14:47:34 [INFO ] Training set (n_night_sleeps=27)
2023-05-01 14:47:34 [INFO ] (1025, 3000, 1, 1)
2023-05-01 14:47:34 [INFO ] (1009, 3000, 1, 1)
2023-05-01 14:47:34 [INFO ] (952, 3000, 1, 1)
2023-05-01 14:47:34 [INFO ] (911, 3000, 1, 1)
2023-05-01 14:47:34 [INFO ] (1235, 3000, 1, 1)
2023-05-01 14:47:34 [INFO ] (1200, 3000, 1, 1)
2023-05-01 14:47:34 [INFO ] (672, 3000, 1, 1)
2023-05-01 14:47:34 [INFO ] (1246, 3000, 1, 1)
2023-05-01 14:47:34 [INFO ] (976, 3000, 1, 1)
2023-05-01 14:47:34 [INFO ] (1134, 3000, 1, 1)
2023-05-01 14:47:34 [INFO ] (1054, 3000, 1, 1)
2023-05-01 14:47:34 [INFO ] (1105, 3000, 1, 1)
2023-05-01 14:47:34 [INFO ] (1104, 3000, 1, 1)
2023-05-01 14:47:34 [INFO ] (1092, 3000, 1, 1)
2023-05-01 14:47:34 [INFO ] (928, 3000, 1, 1)
2023-05-01 14:47:34 [INFO ] (802, 3000, 1, 1)
2023-05-01 14:47:34 [INFO ] (1052, 3000, 1, 1)
2023-05-01 14:47:34 [INFO ] (977, 3000, 1, 1)
2023-05-01 14:47:34 [INFO ] (1028, 3000, 1, 1)
2023-05-01 14:47:34 [INFO ] (1004, 3000, 1, 1)
2023-05-01 14:47:34 [INFO ] (952, 3000, 1, 1)
2023-05-01 14:47:34 [INFO ] (1762, 3000, 1, 1)
2023-05-01 14:47:34 [INFO ] (1002, 3000, 1, 1)
2023-05-01 14:47:34 [INFO ] (1773, 3000, 1, 1)
2023-05-01 14:47:34 [INFO ] (964, 3000, 1, 1)
2023-05-01 14:47:34 [INFO ] (920, 3000, 1, 1)
2023-05-01 14:47:34 [INFO ] (1535, 3000, 1, 1)
2023-05-01 14:47:34 [INFO ] W: 5760
2023-05-01 14:47:34 [INFO ] N1: 2027
2023-05-01 14:47:34 [INFO ] N2: 12482
2023-05-01 14:47:34 [INFO ] N3: 3798
2023-05-01 14:47:34 [INFO ] REM: 5347
2023-05-01 14:47:34 [INFO ] Validation set (n_night_sleeps=3)
2023-05-01 14:47:34 [INFO ] (1103, 3000, 1, 1)
2023-05-01 14:47:34 [INFO ] (843, 3000, 1, 1)
2023-05-01 14:47:34 [INFO ] (1016, 3000, 1, 1)
2023-05-01 14:47:34 [INFO ] W: 492
2023-05-01 14:47:34 [INFO ] N1: 255
2023-05-01 14:47:34 [INFO ] N2: 1386
2023-05-01 14:47:34 [INFO ] N3: 370
2023-05-01 14:47:34 [INFO ] REM: 459
2023-05-01 14:47:34 [INFO ] Test set (n_night_sleeps=2)
2023-05-01 14:47:34 [INFO ] (841, 3000, 1, 1)
2023-05-01 14:47:34 [INFO ] (1127, 3000, 1, 1)
2023-05-01 14:47:34 [INFO ] W: 371
2023-05-01 14:47:34 [INFO ] N1: 117
2023-05-01 14:47:34 [INFO ] N2: 623
2023-05-01 14:47:34 [INFO ] N3: 517
2023-05-01 14:47:34 [INFO ] REM: 340
2023-05-01 14:47:34 [INFO ]   Weighted cross entropy: True
2023-05-01 14:47:34 [INFO ]   Weighted cross entropy: [1.  1.5 1.  1.  1. ]
2023-05-01 14:47:34 [INFO ] using device 1
2023-05-01 14:48:15 [INFO ] Load generated SIDs from sleepedf.txt
2023-05-01 14:48:15 [INFO ] SIDs (20): [ 0  1  2  3  4  5  6  7  8  9 10 11 12 13 14 15 16 17 18 19]
2023-05-01 14:48:15 [INFO ] Train SIDs: (17) [ 2  3  4  5  7  8  9 10 11 12 13 14 15 16 17 18 19]
2023-05-01 14:48:15 [INFO ] Valid SIDs: (2) [1 6]
2023-05-01 14:48:15 [INFO ] Test SIDs: (1) [0]
2023-05-01 14:48:20 [INFO ] Training set (n_night_sleeps=27)
2023-05-01 14:48:20 [INFO ] (1025, 3000, 1, 1)
2023-05-01 14:48:20 [INFO ] (1009, 3000, 1, 1)
2023-05-01 14:48:20 [INFO ] (952, 3000, 1, 1)
2023-05-01 14:48:20 [INFO ] (911, 3000, 1, 1)
2023-05-01 14:48:20 [INFO ] (1235, 3000, 1, 1)
2023-05-01 14:48:20 [INFO ] (1200, 3000, 1, 1)
2023-05-01 14:48:20 [INFO ] (672, 3000, 1, 1)
2023-05-01 14:48:20 [INFO ] (1246, 3000, 1, 1)
2023-05-01 14:48:20 [INFO ] (976, 3000, 1, 1)
2023-05-01 14:48:20 [INFO ] (1134, 3000, 1, 1)
2023-05-01 14:48:20 [INFO ] (1054, 3000, 1, 1)
2023-05-01 14:48:20 [INFO ] (1105, 3000, 1, 1)
2023-05-01 14:48:20 [INFO ] (1104, 3000, 1, 1)
2023-05-01 14:48:20 [INFO ] (1092, 3000, 1, 1)
2023-05-01 14:48:20 [INFO ] (928, 3000, 1, 1)
2023-05-01 14:48:20 [INFO ] (802, 3000, 1, 1)
2023-05-01 14:48:20 [INFO ] (1052, 3000, 1, 1)
2023-05-01 14:48:20 [INFO ] (977, 3000, 1, 1)
2023-05-01 14:48:20 [INFO ] (1028, 3000, 1, 1)
2023-05-01 14:48:20 [INFO ] (1004, 3000, 1, 1)
2023-05-01 14:48:20 [INFO ] (952, 3000, 1, 1)
2023-05-01 14:48:20 [INFO ] (1762, 3000, 1, 1)
2023-05-01 14:48:20 [INFO ] (1002, 3000, 1, 1)
2023-05-01 14:48:20 [INFO ] (1773, 3000, 1, 1)
2023-05-01 14:48:20 [INFO ] (964, 3000, 1, 1)
2023-05-01 14:48:20 [INFO ] (920, 3000, 1, 1)
2023-05-01 14:48:20 [INFO ] (1535, 3000, 1, 1)
2023-05-01 14:48:20 [INFO ] W: 5760
2023-05-01 14:48:20 [INFO ] N1: 2027
2023-05-01 14:48:20 [INFO ] N2: 12482
2023-05-01 14:48:20 [INFO ] N3: 3798
2023-05-01 14:48:20 [INFO ] REM: 5347
2023-05-01 14:48:20 [INFO ] Validation set (n_night_sleeps=3)
2023-05-01 14:48:20 [INFO ] (1103, 3000, 1, 1)
2023-05-01 14:48:20 [INFO ] (843, 3000, 1, 1)
2023-05-01 14:48:20 [INFO ] (1016, 3000, 1, 1)
2023-05-01 14:48:20 [INFO ] W: 492
2023-05-01 14:48:20 [INFO ] N1: 255
2023-05-01 14:48:20 [INFO ] N2: 1386
2023-05-01 14:48:20 [INFO ] N3: 370
2023-05-01 14:48:20 [INFO ] REM: 459
2023-05-01 14:48:20 [INFO ] Test set (n_night_sleeps=2)
2023-05-01 14:48:20 [INFO ] (841, 3000, 1, 1)
2023-05-01 14:48:20 [INFO ] (1127, 3000, 1, 1)
2023-05-01 14:48:20 [INFO ] W: 371
2023-05-01 14:48:20 [INFO ] N1: 117
2023-05-01 14:48:20 [INFO ] N2: 623
2023-05-01 14:48:20 [INFO ] N3: 517
2023-05-01 14:48:20 [INFO ] REM: 340
2023-05-01 14:48:20 [INFO ]   Weighted cross entropy: True
2023-05-01 14:48:20 [INFO ]   Weighted cross entropy: [1.  1.5 1.  1.  1. ]
2023-05-01 14:48:20 [INFO ] using device 1
2023-05-01 14:48:23 [INFO ] Data Augmentation
2023-05-01 14:48:23 [INFO ]   Sequence: True
2023-05-01 14:48:23 [INFO ]   Signal full: True
2023-05-01 14:55:35 [INFO ] [e1/200 s166] TR (n=29337) l=1.6233 a=37.1 f1=21.3 (316.2s)| VA (n=2962) l=1.4612 a=47.4, f1=14.4 (48.1s) | TE (n=1968) l=1.7448 a=31.7, f1=9.6 (64.5s)
2023-05-01 14:55:35 [INFO ] Saved best checkpoint to out_sleepedf/train/0/best_ckpt/best_model.ckpt
2023-05-01 15:02:37 [INFO ] [e2/200 s343] TR (n=29345) l=1.5716 a=41.5 f1=16.4 (355.8s)| VA (n=2962) l=1.4079 a=51.1, f1=22.4 (28.4s) | TE (n=1968) l=1.7577 a=31.9, f1=10.1 (20.9s)
2023-05-01 15:02:37 [INFO ] Saved best checkpoint to out_sleepedf/train/0/best_ckpt/best_model.ckpt
2023-05-01 15:07:10 [INFO ] [e3/200 s495] TR (n=29337) l=1.5478 a=41.8 f1=21.1 (225.2s)| VA (n=2962) l=1.3748 a=51.4, f1=23.5 (18.5s) | TE (n=1968) l=1.6109 a=35.3, f1=16.5 (22.4s)
2023-05-01 15:07:10 [INFO ] Saved best checkpoint to out_sleepedf/train/0/best_ckpt/best_model.ckpt
2023-05-01 15:12:37 [INFO ] [e4/200 s672] TR (n=29345) l=1.5479 a=42.9 f1=20.8 (286.2s)| VA (n=2962) l=1.4095 a=51.0, f1=22.0 (20.2s) | TE (n=1968) l=1.7679 a=31.9, f1=10.2 (19.3s)
2023-05-01 15:17:39 [INFO ] [e5/200 s824] TR (n=29328) l=1.4955 a=45.0 f1=24.5 (259.7s)| VA (n=2962) l=1.3548 a=51.6, f1=22.4 (20.0s) | TE (n=1968) l=1.7641 a=31.7, f1=9.7 (20.9s)
2023-05-01 15:22:39 [INFO ] [e6/200 s990] TR (n=29335) l=1.4804 a=46.3 f1=27.7 (260.1s)| VA (n=2962) l=1.3764 a=50.7, f1=20.3 (20.1s) | TE (n=1968) l=1.9274 a=31.7, f1=9.6 (19.7s)
2023-05-01 15:27:07 [INFO ] [e7/200 s1136] TR (n=29327) l=1.3949 a=49.4 f1=32.4 (226.3s)| VA (n=2962) l=0.9941 a=74.6, f1=62.3 (19.2s) | TE (n=1968) l=1.0468 a=77.1, f1=64.3 (22.6s)
2023-05-01 15:27:08 [INFO ] Saved best checkpoint to out_sleepedf/train/0/best_ckpt/best_model.ckpt
2023-05-01 15:32:11 [INFO ] [e8/200 s1302] TR (n=29330) l=1.4265 a=54.5 f1=39.7 (261.6s)| VA (n=2962) l=1.2513 a=55.1, f1=26.4 (20.5s) | TE (n=1968) l=1.7289 a=31.9, f1=10.2 (20.3s)
2023-05-01 15:37:06 [INFO ] [e9/200 s1468] TR (n=29330) l=1.3214 a=57.7 f1=44.1 (257.8s)| VA (n=2962) l=1.0794 a=59.3, f1=32.2 (18.8s) | TE (n=1968) l=1.4366 a=41.2, f1=22.8 (18.6s)
2023-05-01 15:41:41 [INFO ] [e10/200 s1634] TR (n=29328) l=1.2482 a=61.0 f1=49.6 (237.5s)| VA (n=2962) l=0.8018 a=73.2, f1=56.8 (18.8s) | TE (n=1968) l=1.0034 a=61.1, f1=47.0 (18.5s)
2023-05-01 15:46:14 [INFO ] [e11/200 s1786] TR (n=29338) l=1.1610 a=63.0 f1=51.5 (231.0s)| VA (n=2962) l=2.1881 a=20.0, f1=12.3 (21.1s) | TE (n=1968) l=2.3312 a=20.4, f1=11.5 (20.7s)
2023-05-01 15:51:08 [INFO ] [e12/200 s1938] TR (n=29342) l=1.1524 a=64.1 f1=51.9 (251.8s)| VA (n=2962) l=1.0871 a=61.2, f1=34.7 (21.0s) | TE (n=1968) l=1.3903 a=50.5, f1=32.8 (20.8s)
2023-05-01 15:55:53 [INFO ] [e13/200 s2087] TR (n=29338) l=1.0887 a=65.9 f1=54.9 (239.5s)| VA (n=2962) l=0.7147 a=74.7, f1=63.8 (23.7s) | TE (n=1968) l=0.8575 a=66.3, f1=54.9 (21.7s)
2023-05-01 15:55:53 [INFO ] Saved best checkpoint to out_sleepedf/train/0/best_ckpt/best_model.ckpt
2023-05-01 16:01:13 [INFO ] [e14/200 s2264] TR (n=29336) l=1.1795 a=66.8 f1=56.6 (277.7s)| VA (n=2962) l=1.4510 a=55.3, f1=25.9 (20.5s) | TE (n=1968) l=2.0807 a=44.5, f1=23.6 (20.9s)
2023-05-01 16:06:25 [INFO ] [e15/200 s2441] TR (n=29339) l=1.1365 a=67.0 f1=57.4 (272.2s)| VA (n=2962) l=1.3303 a=42.2, f1=32.5 (20.2s) | TE (n=1968) l=1.9954 a=24.4, f1=13.2 (20.0s)
2023-05-01 16:11:29 [INFO ] [e16/200 s2618] TR (n=29325) l=1.1071 a=68.3 f1=58.8 (268.4s)| VA (n=2962) l=0.9516 a=57.2, f1=57.8 (17.8s) | TE (n=1968) l=0.9598 a=59.5, f1=50.6 (17.9s)
2023-05-01 16:15:33 [INFO ] [e17/200 s2769] TR (n=29329) l=0.9840 a=70.2 f1=60.1 (206.4s)| VA (n=2962) l=0.5434 a=81.8, f1=73.5 (18.9s) | TE (n=1968) l=0.6942 a=74.2, f1=63.0 (17.9s)
2023-05-01 16:15:33 [INFO ] Saved best checkpoint to out_sleepedf/train/0/best_ckpt/best_model.ckpt
2023-05-01 16:20:05 [INFO ] [e18/200 s2946] TR (n=29325) l=1.0592 a=72.0 f1=62.4 (235.9s)| VA (n=2962) l=0.6568 a=77.5, f1=66.4 (17.9s) | TE (n=1968) l=0.8372 a=68.3, f1=54.1 (18.1s)
2023-05-01 16:24:36 [INFO ] [e19/200 s3124] TR (n=29350) l=1.0048 a=71.1 f1=62.7 (235.0s)| VA (n=2962) l=0.5098 a=84.4, f1=75.5 (18.3s) | TE (n=1968) l=0.7206 a=76.9, f1=61.5 (17.4s)
2023-05-01 16:24:36 [INFO ] Saved best checkpoint to out_sleepedf/train/0/best_ckpt/best_model.ckpt
2023-05-01 16:28:39 [INFO ] [e20/200 s3276] TR (n=29325) l=0.9045 a=71.4 f1=63.1 (207.8s)| VA (n=2962) l=0.5774 a=81.5, f1=72.9 (17.2s) | TE (n=1968) l=0.6723 a=78.8, f1=64.7 (17.4s)
2023-05-01 16:32:41 [INFO ] [e21/200 s3425] TR (n=29327) l=0.8850 a=72.7 f1=63.7 (205.4s)| VA (n=2962) l=0.4687 a=85.3, f1=79.0 (18.9s) | TE (n=1968) l=0.5411 a=83.2, f1=70.8 (18.2s)
2023-05-01 16:32:41 [INFO ] Saved best checkpoint to out_sleepedf/train/0/best_ckpt/best_model.ckpt
2023-05-01 16:37:06 [INFO ] [e22/200 s3591] TR (n=29338) l=0.9281 a=73.8 f1=64.7 (228.1s)| VA (n=2962) l=0.9989 a=68.0, f1=50.7 (18.2s) | TE (n=1968) l=1.1638 a=64.0, f1=44.5 (17.9s)
2023-05-01 16:41:31 [INFO ] [e23/200 s3757] TR (n=29329) l=0.8810 a=74.7 f1=66.3 (230.0s)| VA (n=2962) l=1.0006 a=71.9, f1=51.6 (17.7s) | TE (n=1968) l=0.9124 a=71.0, f1=52.8 (17.9s)
2023-05-01 16:45:55 [INFO ] [e24/200 s3923] TR (n=29335) l=0.8908 a=74.5 f1=66.1 (225.9s)| VA (n=2962) l=0.9999 a=63.6, f1=49.5 (19.7s) | TE (n=1968) l=1.1939 a=59.5, f1=41.9 (17.9s)
2023-05-01 16:50:55 [INFO ] [e25/200 s4100] TR (n=29337) l=0.9790 a=77.0 f1=68.4 (263.0s)| VA (n=2962) l=1.8848 a=23.5, f1=17.4 (18.2s) | TE (n=1968) l=2.5930 a=17.3, f1=5.9 (19.0s)
2023-05-01 16:55:37 [INFO ] [e26/200 s4266] TR (n=29333) l=0.8559 a=75.5 f1=67.6 (240.5s)| VA (n=2962) l=0.4446 a=84.8, f1=79.4 (21.2s) | TE (n=1968) l=0.4869 a=85.0, f1=75.6 (19.3s)
2023-05-01 16:59:50 [INFO ] [e27/200 s4418] TR (n=29330) l=0.7986 a=75.9 f1=67.9 (216.5s)| VA (n=2962) l=0.5821 a=80.6, f1=68.4 (18.3s) | TE (n=1968) l=0.7876 a=73.1, f1=58.1 (18.1s)
2023-05-01 17:05:06 [INFO ] [e28/200 s4595] TR (n=29326) l=0.9557 a=76.5 f1=69.6 (277.9s)| VA (n=2962) l=0.4510 a=84.8, f1=79.1 (18.5s) | TE (n=1968) l=0.5275 a=83.7, f1=72.2 (19.5s)
2023-05-01 17:09:55 [INFO ] [e29/200 s4772] TR (n=29317) l=0.8805 a=77.1 f1=69.4 (252.6s)| VA (n=2962) l=1.2432 a=68.4, f1=50.6 (18.5s) | TE (n=1968) l=1.3932 a=65.4, f1=48.0 (17.8s)
2023-05-01 17:14:13 [INFO ] [e30/200 s4924] TR (n=29330) l=0.7175 a=78.6 f1=71.6 (218.8s)| VA (n=2962) l=0.4839 a=84.1, f1=76.9 (19.6s) | TE (n=1968) l=0.6586 a=78.5, f1=64.6 (19.5s)
2023-05-01 17:19:40 [INFO ] [e31/200 s5102] TR (n=29346) l=0.9209 a=77.0 f1=69.9 (274.3s)| VA (n=2962) l=1.0740 a=67.8, f1=54.4 (26.4s) | TE (n=1968) l=1.2087 a=61.2, f1=48.5 (26.0s)
2023-05-02 16:45:49 [INFO ] Training set (n_night_sleeps=45)
2023-05-02 16:45:49 [INFO ] (841, 3000, 1, 1)
2023-05-02 16:45:49 [INFO ] (1103, 3000, 1, 1)
2023-05-02 16:45:49 [INFO ] (1009, 3000, 1, 1)
2023-05-02 16:45:49 [INFO ] (952, 3000, 1, 1)
2023-05-02 16:45:49 [INFO ] (911, 3000, 1, 1)
2023-05-02 16:45:49 [INFO ] (1200, 3000, 1, 1)
2023-05-02 16:45:49 [INFO ] (1246, 3000, 1, 1)
2023-05-02 16:45:49 [INFO ] (843, 3000, 1, 1)
2023-05-02 16:45:49 [INFO ] (976, 3000, 1, 1)
2023-05-02 16:45:49 [INFO ] (1054, 3000, 1, 1)
2023-05-02 16:45:49 [INFO ] (1105, 3000, 1, 1)
2023-05-02 16:45:49 [INFO ] (1092, 3000, 1, 1)
2023-05-02 16:45:49 [INFO ] (928, 3000, 1, 1)
2023-05-02 16:45:49 [INFO ] (802, 3000, 1, 1)
2023-05-02 16:45:49 [INFO ] (1052, 3000, 1, 1)
2023-05-02 16:45:49 [INFO ] (977, 3000, 1, 1)
2023-05-02 16:45:49 [INFO ] (1004, 3000, 1, 1)
2023-05-02 16:45:49 [INFO ] (952, 3000, 1, 1)
2023-05-02 16:45:49 [INFO ] (1762, 3000, 1, 1)
2023-05-02 16:45:49 [INFO ] (1002, 3000, 1, 1)
2023-05-02 16:45:49 [INFO ] (1773, 3000, 1, 1)
2023-05-02 16:45:49 [INFO ] (1535, 3000, 1, 1)
2023-05-02 16:45:49 [INFO ] (1022, 3000, 1, 1)
2023-05-02 16:45:49 [INFO ] (1578, 3000, 1, 1)
2023-05-02 16:45:49 [INFO ] (808, 3000, 1, 1)
2023-05-02 16:45:49 [INFO ] (1099, 3000, 1, 1)
2023-05-02 16:45:49 [INFO ] (904, 3000, 1, 1)
2023-05-02 16:45:49 [INFO ] (1729, 3000, 1, 1)
2023-05-02 16:45:49 [INFO ] (1673, 3000, 1, 1)
2023-05-02 16:45:49 [INFO ] (972, 3000, 1, 1)
2023-05-02 16:45:49 [INFO ] (1020, 3000, 1, 1)
2023-05-02 16:45:49 [INFO ] (980, 3000, 1, 1)
2023-05-02 16:45:49 [INFO ] (1090, 3000, 1, 1)
2023-05-02 16:45:49 [INFO ] (1070, 3000, 1, 1)
2023-05-02 16:45:49 [INFO ] (1605, 3000, 1, 1)
2023-05-02 16:45:49 [INFO ] (929, 3000, 1, 1)
2023-05-02 16:45:49 [INFO ] (1181, 3000, 1, 1)
2023-05-02 16:45:49 [INFO ] (1021, 3000, 1, 1)
2023-05-02 16:45:49 [INFO ] (1888, 3000, 1, 1)
2023-05-02 16:45:49 [INFO ] (1312, 3000, 1, 1)
2023-05-02 16:45:49 [INFO ] (1501, 3000, 1, 1)
2023-05-02 16:45:49 [INFO ] (1509, 3000, 1, 1)
2023-05-02 16:45:49 [INFO ] (1064, 3000, 1, 1)
2023-05-02 16:45:49 [INFO ] (1072, 3000, 1, 1)
2023-05-02 16:45:49 [INFO ] (1056, 3000, 1, 1)
2023-05-02 16:45:49 [INFO ] W: 13990
2023-05-02 16:45:49 [INFO ] N1: 4686
2023-05-02 16:45:49 [INFO ] N2: 20705
2023-05-02 16:45:49 [INFO ] N3: 4244
2023-05-02 16:45:49 [INFO ] REM: 8577
2023-05-02 16:45:49 [INFO ] Validation set (n_night_sleeps=24)
2023-05-02 16:45:49 [INFO ] (1127, 3000, 1, 1)
2023-05-02 16:45:49 [INFO ] (1235, 3000, 1, 1)
2023-05-02 16:45:49 [INFO ] (672, 3000, 1, 1)
2023-05-02 16:45:49 [INFO ] (1134, 3000, 1, 1)
2023-05-02 16:45:49 [INFO ] (1104, 3000, 1, 1)
2023-05-02 16:45:49 [INFO ] (1028, 3000, 1, 1)
2023-05-02 16:45:49 [INFO ] (964, 3000, 1, 1)
2023-05-02 16:45:49 [INFO ] (920, 3000, 1, 1)
2023-05-02 16:45:49 [INFO ] (1775, 3000, 1, 1)
2023-05-02 16:45:49 [INFO ] (1127, 3000, 1, 1)
2023-05-02 16:45:49 [INFO ] (1131, 3000, 1, 1)
2023-05-02 16:45:49 [INFO ] (1910, 3000, 1, 1)
2023-05-02 16:45:49 [INFO ] (1096, 3000, 1, 1)
2023-05-02 16:45:49 [INFO ] (1716, 3000, 1, 1)
2023-05-02 16:45:49 [INFO ] (1062, 3000, 1, 1)
2023-05-02 16:45:49 [INFO ] (2049, 3000, 1, 1)
2023-05-02 16:45:49 [INFO ] (2644, 3000, 1, 1)
2023-05-02 16:45:49 [INFO ] (1021, 3000, 1, 1)
2023-05-02 16:45:49 [INFO ] (1717, 3000, 1, 1)
2023-05-02 16:45:49 [INFO ] (1515, 3000, 1, 1)
2023-05-02 16:45:49 [INFO ] (2667, 3000, 1, 1)
2023-05-02 16:45:49 [INFO ] (2210, 3000, 1, 1)
2023-05-02 16:45:49 [INFO ] (1325, 3000, 1, 1)
2023-05-02 16:45:49 [INFO ] (1241, 3000, 1, 1)
2023-05-02 16:45:49 [INFO ] W: 13260
2023-05-02 16:45:49 [INFO ] N1: 3418
2023-05-02 16:45:49 [INFO ] N2: 11808
2023-05-02 16:45:49 [INFO ] N3: 2289
2023-05-02 16:45:49 [INFO ] REM: 3615
2023-05-02 16:45:49 [INFO ] Test set (n_night_sleeps=29)
2023-05-02 16:45:49 [INFO ] (1186, 3000, 1, 1)
2023-05-02 16:45:49 [INFO ] (1273, 3000, 1, 1)
2023-05-02 16:45:49 [INFO ] (1132, 3000, 1, 1)
2023-05-02 16:45:49 [INFO ] (952, 3000, 1, 1)
2023-05-02 16:45:49 [INFO ] (1144, 3000, 1, 1)
2023-05-02 16:45:49 [INFO ] (1003, 3000, 1, 1)
2023-05-02 16:45:49 [INFO ] (1274, 3000, 1, 1)
2023-05-02 16:45:49 [INFO ] (1021, 3000, 1, 1)
2023-05-02 16:45:49 [INFO ] (1108, 3000, 1, 1)
2023-05-02 16:45:49 [INFO ] (1597, 3000, 1, 1)
2023-05-02 16:45:49 [INFO ] (1052, 3000, 1, 1)
2023-05-02 16:45:49 [INFO ] (1054, 3000, 1, 1)
2023-05-02 16:45:49 [INFO ] (1560, 3000, 1, 1)
2023-05-02 16:45:49 [INFO ] (1582, 3000, 1, 1)
2023-05-02 16:45:49 [INFO ] (918, 3000, 1, 1)
2023-05-02 16:45:49 [INFO ] (1195, 3000, 1, 1)
2023-05-02 16:45:49 [INFO ] (1092, 3000, 1, 1)
2023-05-02 16:45:49 [INFO ] (1166, 3000, 1, 1)
2023-05-02 16:45:49 [INFO ] (983, 3000, 1, 1)
2023-05-02 16:45:49 [INFO ] (1040, 3000, 1, 1)
2023-05-02 16:45:49 [INFO ] (997, 3000, 1, 1)
2023-05-02 16:45:49 [INFO ] (1148, 3000, 1, 1)
2023-05-02 16:45:49 [INFO ] (1237, 3000, 1, 1)
2023-05-02 16:45:49 [INFO ] (1652, 3000, 1, 1)
2023-05-02 16:45:49 [INFO ] (1823, 3000, 1, 1)
2023-05-02 16:45:49 [INFO ] (1063, 3000, 1, 1)
2023-05-02 16:45:49 [INFO ] (1107, 3000, 1, 1)
2023-05-02 16:45:49 [INFO ] (1271, 3000, 1, 1)
2023-05-02 16:45:49 [INFO ] (1413, 3000, 1, 1)
2023-05-02 16:45:49 [INFO ] W: 10149
2023-05-02 16:45:49 [INFO ] N1: 4286
2023-05-02 16:45:49 [INFO ] N2: 13219
2023-05-02 16:45:49 [INFO ] N3: 2372
2023-05-02 16:45:49 [INFO ] REM: 5017
2023-05-02 16:45:49 [INFO ]   Weighted cross entropy: True
2023-05-02 16:45:49 [INFO ]   Weighted cross entropy: [1.  1.5 1.  1.  1. ]
2023-05-02 16:45:49 [INFO ] using device 1
2023-05-02 16:45:57 [INFO ] Data Augmentation
2023-05-02 16:45:57 [INFO ]   Sequence: True
2023-05-02 16:45:57 [INFO ]   Signal full: True
2023-05-02 16:57:12 [INFO ] [e1/200 s272] TR (n=52069) l=1.4988 a=42.9 f1=22.8 (472.6s)| VA (n=34390) l=1.1392 a=52.1, f1=24.3 (104.9s) | TE (n=35043) l=1.4145 a=44.4, f1=21.6 (78.2s)
2023-05-02 16:57:12 [INFO ] Saved best checkpoint to out_sleepedf/train/0/best_ckpt/best_model.ckpt
2023-05-02 22:47:06 [INFO ] Training set (n_night_sleeps=98)
2023-05-02 22:47:06 [INFO ] (1929, 3000, 1, 1)
2023-05-02 22:47:06 [INFO ] (1016, 3000, 1, 1)
2023-05-02 22:47:06 [INFO ] (1605, 3000, 1, 1)
2023-05-02 22:47:06 [INFO ] (1175, 3000, 1, 1)
2023-05-02 22:47:06 [INFO ] (952, 3000, 1, 1)
2023-05-02 22:47:06 [INFO ] (963, 3000, 1, 1)
2023-05-02 22:47:06 [INFO ] (924, 3000, 1, 1)
2023-05-02 22:47:06 [INFO ] (1148, 3000, 1, 1)
2023-05-02 22:47:06 [INFO ] (1090, 3000, 1, 1)
2023-05-02 22:47:06 [INFO ] (1056, 3000, 1, 1)
2023-05-02 22:47:06 [INFO ] (854, 3000, 1, 1)
2023-05-02 22:47:06 [INFO ] (841, 3000, 1, 1)
2023-05-02 22:47:06 [INFO ] (1052, 3000, 1, 1)
2023-05-02 22:47:06 [INFO ] (1888, 3000, 1, 1)
2023-05-02 22:47:06 [INFO ] (1673, 3000, 1, 1)
2023-05-02 22:47:06 [INFO ] (1025, 3000, 1, 1)
2023-05-02 22:47:06 [INFO ] (1183, 3000, 1, 1)
2023-05-02 22:47:06 [INFO ] (1054, 3000, 1, 1)
2023-05-02 22:47:06 [INFO ] (1049, 3000, 1, 1)
2023-05-02 22:47:06 [INFO ] (1200, 3000, 1, 1)
2023-05-02 22:47:06 [INFO ] (1021, 3000, 1, 1)
2023-05-02 22:47:06 [INFO ] (1022, 3000, 1, 1)
2023-05-02 22:47:06 [INFO ] (954, 3000, 1, 1)
2023-05-02 22:47:06 [INFO ] (1509, 3000, 1, 1)
2023-05-02 22:47:06 [INFO ] (962, 3000, 1, 1)
2023-05-02 22:47:06 [INFO ] (1099, 3000, 1, 1)
2023-05-02 22:47:06 [INFO ] (2027, 3000, 1, 1)
2023-05-02 22:47:06 [INFO ] (1078, 3000, 1, 1)
2023-05-02 22:47:06 [INFO ] (976, 3000, 1, 1)
2023-05-02 22:47:06 [INFO ] (929, 3000, 1, 1)
2023-05-02 22:47:06 [INFO ] (843, 3000, 1, 1)
2023-05-02 22:47:06 [INFO ] (1004, 3000, 1, 1)
2023-05-02 22:47:06 [INFO ] (1095, 3000, 1, 1)
2023-05-02 22:47:06 [INFO ] (1312, 3000, 1, 1)
2023-05-02 22:47:06 [INFO ] (977, 3000, 1, 1)
2023-05-02 22:47:06 [INFO ] (1241, 3000, 1, 1)
2023-05-02 22:47:06 [INFO ] (1293, 3000, 1, 1)
2023-05-02 22:47:06 [INFO ] (2318, 3000, 1, 1)
2023-05-02 22:47:06 [INFO ] (1092, 3000, 1, 1)
2023-05-02 22:47:06 [INFO ] (1009, 3000, 1, 1)
2023-05-02 22:47:06 [INFO ] (1087, 3000, 1, 1)
2023-05-02 22:47:06 [INFO ] (699, 3000, 1, 1)
2023-05-02 22:47:06 [INFO ] (1022, 3000, 1, 1)
2023-05-02 22:47:06 [INFO ] (2044, 3000, 1, 1)
2023-05-02 22:47:06 [INFO ] (972, 3000, 1, 1)
2023-05-02 22:47:06 [INFO ] (1366, 3000, 1, 1)
2023-05-02 22:47:06 [INFO ] (1103, 3000, 1, 1)
2023-05-02 22:47:06 [INFO ] (1445, 3000, 1, 1)
2023-05-02 22:47:06 [INFO ] (1095, 3000, 1, 1)
2023-05-02 22:47:06 [INFO ] (1729, 3000, 1, 1)
2023-05-02 22:47:06 [INFO ] (1072, 3000, 1, 1)
2023-05-02 22:47:06 [INFO ] (1871, 3000, 1, 1)
2023-05-02 22:47:06 [INFO ] (1181, 3000, 1, 1)
2023-05-02 22:47:06 [INFO ] (980, 3000, 1, 1)
2023-05-02 22:47:06 [INFO ] (1070, 3000, 1, 1)
2023-05-02 22:47:06 [INFO ] (1762, 3000, 1, 1)
2023-05-02 22:47:06 [INFO ] (2662, 3000, 1, 1)
2023-05-02 22:47:06 [INFO ] (1231, 3000, 1, 1)
2023-05-02 22:47:06 [INFO ] (1103, 3000, 1, 1)
2023-05-02 22:47:06 [INFO ] (2161, 3000, 1, 1)
2023-05-02 22:47:06 [INFO ] (884, 3000, 1, 1)
2023-05-02 22:47:06 [INFO ] (1090, 3000, 1, 1)
2023-05-02 22:47:06 [INFO ] (808, 3000, 1, 1)
2023-05-02 22:47:06 [INFO ] (1063, 3000, 1, 1)
2023-05-02 22:47:06 [INFO ] (1105, 3000, 1, 1)
2023-05-02 22:47:06 [INFO ] (1773, 3000, 1, 1)
2023-05-02 22:47:06 [INFO ] (1994, 3000, 1, 1)
2023-05-02 22:47:06 [INFO ] (1246, 3000, 1, 1)
2023-05-02 22:47:06 [INFO ] (1968, 3000, 1, 1)
2023-05-02 22:47:06 [INFO ] (1031, 3000, 1, 1)
2023-05-02 22:47:06 [INFO ] (928, 3000, 1, 1)
2023-05-02 22:47:06 [INFO ] (1349, 3000, 1, 1)
2023-05-02 22:47:06 [INFO ] (952, 3000, 1, 1)
2023-05-02 22:47:06 [INFO ] (1324, 3000, 1, 1)
2023-05-02 22:47:06 [INFO ] (1020, 3000, 1, 1)
2023-05-02 22:47:06 [INFO ] (1704, 3000, 1, 1)
2023-05-02 22:47:06 [INFO ] (1535, 3000, 1, 1)
2023-05-02 22:47:06 [INFO ] (976, 3000, 1, 1)
2023-05-02 22:47:06 [INFO ] (1840, 3000, 1, 1)
2023-05-02 22:47:06 [INFO ] (1683, 3000, 1, 1)
2023-05-02 22:47:06 [INFO ] (1501, 3000, 1, 1)
2023-05-02 22:47:06 [INFO ] (1064, 3000, 1, 1)
2023-05-02 22:47:06 [INFO ] (904, 3000, 1, 1)
2023-05-02 22:47:06 [INFO ] (1236, 3000, 1, 1)
2023-05-02 22:47:06 [INFO ] (1776, 3000, 1, 1)
2023-05-02 22:47:06 [INFO ] (1208, 3000, 1, 1)
2023-05-02 22:47:06 [INFO ] (1002, 3000, 1, 1)
2023-05-02 22:47:06 [INFO ] (1101, 3000, 1, 1)
2023-05-02 22:47:06 [INFO ] (2026, 3000, 1, 1)
2023-05-02 22:47:06 [INFO ] (1187, 3000, 1, 1)
2023-05-02 22:47:06 [INFO ] (1326, 3000, 1, 1)
2023-05-02 22:47:06 [INFO ] (1578, 3000, 1, 1)
2023-05-02 22:47:06 [INFO ] (1047, 3000, 1, 1)
2023-05-02 22:47:06 [INFO ] (785, 3000, 1, 1)
2023-05-02 22:47:06 [INFO ] (802, 3000, 1, 1)
2023-05-02 22:47:06 [INFO ] (1130, 3000, 1, 1)
2023-05-02 22:47:06 [INFO ] (911, 3000, 1, 1)
2023-05-02 22:47:06 [INFO ] (2043, 3000, 1, 1)
2023-05-02 22:47:06 [INFO ] W: 42044
2023-05-02 22:47:06 [INFO ] N1: 13561
2023-05-02 22:47:06 [INFO ] N2: 43065
2023-05-02 22:47:06 [INFO ] N3: 8324
2023-05-02 22:47:06 [INFO ] REM: 16999
2023-05-02 22:47:06 [INFO ] Validation set (n_night_sleeps=24)
2023-05-02 22:47:06 [INFO ] (920, 3000, 1, 1)
2023-05-02 22:47:06 [INFO ] (1910, 3000, 1, 1)
2023-05-02 22:47:06 [INFO ] (1104, 3000, 1, 1)
2023-05-02 22:47:06 [INFO ] (2667, 3000, 1, 1)
2023-05-02 22:47:06 [INFO ] (1096, 3000, 1, 1)
2023-05-02 22:47:06 [INFO ] (1131, 3000, 1, 1)
2023-05-02 22:47:06 [INFO ] (2644, 3000, 1, 1)
2023-05-02 22:47:06 [INFO ] (964, 3000, 1, 1)
2023-05-02 22:47:06 [INFO ] (1775, 3000, 1, 1)
2023-05-02 22:47:06 [INFO ] (1127, 3000, 1, 1)
2023-05-02 22:47:06 [INFO ] (1062, 3000, 1, 1)
2023-05-02 22:47:06 [INFO ] (1716, 3000, 1, 1)
2023-05-02 22:47:06 [INFO ] (1134, 3000, 1, 1)
2023-05-02 22:47:06 [INFO ] (1235, 3000, 1, 1)
2023-05-02 22:47:06 [INFO ] (1325, 3000, 1, 1)
2023-05-02 22:47:06 [INFO ] (1028, 3000, 1, 1)
2023-05-02 22:47:06 [INFO ] (1717, 3000, 1, 1)
2023-05-02 22:47:06 [INFO ] (2049, 3000, 1, 1)
2023-05-02 22:47:06 [INFO ] (1515, 3000, 1, 1)
2023-05-02 22:47:06 [INFO ] (1127, 3000, 1, 1)
2023-05-02 22:47:06 [INFO ] (2210, 3000, 1, 1)
2023-05-02 22:47:06 [INFO ] (672, 3000, 1, 1)
2023-05-02 22:47:06 [INFO ] (1021, 3000, 1, 1)
2023-05-02 22:47:06 [INFO ] (1241, 3000, 1, 1)
2023-05-02 22:47:06 [INFO ] W: 13260
2023-05-02 22:47:06 [INFO ] N1: 3418
2023-05-02 22:47:06 [INFO ] N2: 11808
2023-05-02 22:47:06 [INFO ] N3: 2289
2023-05-02 22:47:06 [INFO ] REM: 3615
2023-05-02 22:47:06 [INFO ] Test set (n_night_sleeps=30)
2023-05-02 22:47:06 [INFO ] (1108, 3000, 1, 1)
2023-05-02 22:47:06 [INFO ] (1063, 3000, 1, 1)
2023-05-02 22:47:06 [INFO ] (1413, 3000, 1, 1)
2023-05-02 22:47:06 [INFO ] (1652, 3000, 1, 1)
2023-05-02 22:47:06 [INFO ] (1003, 3000, 1, 1)
2023-05-02 22:47:06 [INFO ] (1021, 3000, 1, 1)
2023-05-02 22:47:06 [INFO ] (1148, 3000, 1, 1)
2023-05-02 22:47:06 [INFO ] (1237, 3000, 1, 1)
2023-05-02 22:47:06 [INFO ] (1052, 3000, 1, 1)
2023-05-02 22:47:06 [INFO ] (1107, 3000, 1, 1)
2023-05-02 22:47:06 [INFO ] (983, 3000, 1, 1)
2023-05-02 22:47:06 [INFO ] (1560, 3000, 1, 1)
2023-05-02 22:47:06 [INFO ] (918, 3000, 1, 1)
2023-05-02 22:47:06 [INFO ] (1144, 3000, 1, 1)
2023-05-02 22:47:06 [INFO ] (1582, 3000, 1, 1)
2023-05-02 22:47:06 [INFO ] (1166, 3000, 1, 1)
2023-05-02 22:47:06 [INFO ] (997, 3000, 1, 1)
2023-05-02 22:47:06 [INFO ] (1273, 3000, 1, 1)
2023-05-02 22:47:06 [INFO ] (1274, 3000, 1, 1)
2023-05-02 22:47:06 [INFO ] (824, 3000, 1, 1)
2023-05-02 22:47:06 [INFO ] (1040, 3000, 1, 1)
2023-05-02 22:47:06 [INFO ] (1229, 3000, 1, 1)
2023-05-02 22:47:06 [INFO ] (1195, 3000, 1, 1)
2023-05-02 22:47:06 [INFO ] (1823, 3000, 1, 1)
2023-05-02 22:47:06 [INFO ] (1186, 3000, 1, 1)
2023-05-02 22:47:06 [INFO ] (1271, 3000, 1, 1)
2023-05-02 22:47:06 [INFO ] (952, 3000, 1, 1)
2023-05-02 22:47:06 [INFO ] (1597, 3000, 1, 1)
2023-05-02 22:47:06 [INFO ] (1054, 3000, 1, 1)
2023-05-02 22:47:06 [INFO ] (1132, 3000, 1, 1)
2023-05-02 22:47:06 [INFO ] W: 10365
2023-05-02 22:47:06 [INFO ] N1: 4451
2023-05-02 22:47:06 [INFO ] N2: 13729
2023-05-02 22:47:06 [INFO ] N3: 2334
2023-05-02 22:47:06 [INFO ] REM: 5125
2023-05-02 22:47:06 [INFO ]   Weighted cross entropy: True
2023-05-02 22:47:06 [INFO ]   Weighted cross entropy: [1.  1.5 1.  1.  1. ]
2023-05-02 22:47:06 [INFO ] using device 1
2023-05-02 22:47:32 [INFO ] Data Augmentation
2023-05-02 22:47:32 [INFO ]   Sequence: True
2023-05-02 22:47:32 [INFO ]   Signal full: True
2023-05-02 22:49:32 [INFO ] Training set (n_night_sleeps=98)
2023-05-02 22:49:32 [INFO ] (1929, 3000, 1, 1)
2023-05-02 22:49:32 [INFO ] (1016, 3000, 1, 1)
2023-05-02 22:49:32 [INFO ] (1605, 3000, 1, 1)
2023-05-02 22:49:32 [INFO ] (1175, 3000, 1, 1)
2023-05-02 22:49:32 [INFO ] (952, 3000, 1, 1)
2023-05-02 22:49:32 [INFO ] (963, 3000, 1, 1)
2023-05-02 22:49:32 [INFO ] (924, 3000, 1, 1)
2023-05-02 22:49:32 [INFO ] (1148, 3000, 1, 1)
2023-05-02 22:49:32 [INFO ] (1090, 3000, 1, 1)
2023-05-02 22:49:32 [INFO ] (1056, 3000, 1, 1)
2023-05-02 22:49:32 [INFO ] (854, 3000, 1, 1)
2023-05-02 22:49:32 [INFO ] (841, 3000, 1, 1)
2023-05-02 22:49:32 [INFO ] (1052, 3000, 1, 1)
2023-05-02 22:49:32 [INFO ] (1888, 3000, 1, 1)
2023-05-02 22:49:32 [INFO ] (1673, 3000, 1, 1)
2023-05-02 22:49:32 [INFO ] (1025, 3000, 1, 1)
2023-05-02 22:49:32 [INFO ] (1183, 3000, 1, 1)
2023-05-02 22:49:32 [INFO ] (1054, 3000, 1, 1)
2023-05-02 22:49:32 [INFO ] (1049, 3000, 1, 1)
2023-05-02 22:49:32 [INFO ] (1200, 3000, 1, 1)
2023-05-02 22:49:32 [INFO ] (1021, 3000, 1, 1)
2023-05-02 22:49:32 [INFO ] (1022, 3000, 1, 1)
2023-05-02 22:49:32 [INFO ] (954, 3000, 1, 1)
2023-05-02 22:49:32 [INFO ] (1509, 3000, 1, 1)
2023-05-02 22:49:32 [INFO ] (962, 3000, 1, 1)
2023-05-02 22:49:32 [INFO ] (1099, 3000, 1, 1)
2023-05-02 22:49:32 [INFO ] (2027, 3000, 1, 1)
2023-05-02 22:49:32 [INFO ] (1078, 3000, 1, 1)
2023-05-02 22:49:32 [INFO ] (976, 3000, 1, 1)
2023-05-02 22:49:32 [INFO ] (929, 3000, 1, 1)
2023-05-02 22:49:32 [INFO ] (843, 3000, 1, 1)
2023-05-02 22:49:32 [INFO ] (1004, 3000, 1, 1)
2023-05-02 22:49:32 [INFO ] (1095, 3000, 1, 1)
2023-05-02 22:49:32 [INFO ] (1312, 3000, 1, 1)
2023-05-02 22:49:32 [INFO ] (977, 3000, 1, 1)
2023-05-02 22:49:32 [INFO ] (1241, 3000, 1, 1)
2023-05-02 22:49:32 [INFO ] (1293, 3000, 1, 1)
2023-05-02 22:49:32 [INFO ] (2318, 3000, 1, 1)
2023-05-02 22:49:32 [INFO ] (1092, 3000, 1, 1)
2023-05-02 22:49:32 [INFO ] (1009, 3000, 1, 1)
2023-05-02 22:49:32 [INFO ] (1087, 3000, 1, 1)
2023-05-02 22:49:32 [INFO ] (699, 3000, 1, 1)
2023-05-02 22:49:32 [INFO ] (1022, 3000, 1, 1)
2023-05-02 22:49:32 [INFO ] (2044, 3000, 1, 1)
2023-05-02 22:49:32 [INFO ] (972, 3000, 1, 1)
2023-05-02 22:49:32 [INFO ] (1366, 3000, 1, 1)
2023-05-02 22:49:32 [INFO ] (1103, 3000, 1, 1)
2023-05-02 22:49:32 [INFO ] (1445, 3000, 1, 1)
2023-05-02 22:49:32 [INFO ] (1095, 3000, 1, 1)
2023-05-02 22:49:32 [INFO ] (1729, 3000, 1, 1)
2023-05-02 22:49:32 [INFO ] (1072, 3000, 1, 1)
2023-05-02 22:49:32 [INFO ] (1871, 3000, 1, 1)
2023-05-02 22:49:32 [INFO ] (1181, 3000, 1, 1)
2023-05-02 22:49:32 [INFO ] (980, 3000, 1, 1)
2023-05-02 22:49:32 [INFO ] (1070, 3000, 1, 1)
2023-05-02 22:49:32 [INFO ] (1762, 3000, 1, 1)
2023-05-02 22:49:32 [INFO ] (2662, 3000, 1, 1)
2023-05-02 22:49:32 [INFO ] (1231, 3000, 1, 1)
2023-05-02 22:49:32 [INFO ] (1103, 3000, 1, 1)
2023-05-02 22:49:32 [INFO ] (2161, 3000, 1, 1)
2023-05-02 22:49:32 [INFO ] (884, 3000, 1, 1)
2023-05-02 22:49:32 [INFO ] (1090, 3000, 1, 1)
2023-05-02 22:49:32 [INFO ] (808, 3000, 1, 1)
2023-05-02 22:49:32 [INFO ] (1063, 3000, 1, 1)
2023-05-02 22:49:32 [INFO ] (1105, 3000, 1, 1)
2023-05-02 22:49:32 [INFO ] (1773, 3000, 1, 1)
2023-05-02 22:49:32 [INFO ] (1994, 3000, 1, 1)
2023-05-02 22:49:32 [INFO ] (1246, 3000, 1, 1)
2023-05-02 22:49:32 [INFO ] (1968, 3000, 1, 1)
2023-05-02 22:49:32 [INFO ] (1031, 3000, 1, 1)
2023-05-02 22:49:32 [INFO ] (928, 3000, 1, 1)
2023-05-02 22:49:32 [INFO ] (1349, 3000, 1, 1)
2023-05-02 22:49:32 [INFO ] (952, 3000, 1, 1)
2023-05-02 22:49:32 [INFO ] (1324, 3000, 1, 1)
2023-05-02 22:49:32 [INFO ] (1020, 3000, 1, 1)
2023-05-02 22:49:32 [INFO ] (1704, 3000, 1, 1)
2023-05-02 22:49:32 [INFO ] (1535, 3000, 1, 1)
2023-05-02 22:49:32 [INFO ] (976, 3000, 1, 1)
2023-05-02 22:49:32 [INFO ] (1840, 3000, 1, 1)
2023-05-02 22:49:32 [INFO ] (1683, 3000, 1, 1)
2023-05-02 22:49:32 [INFO ] (1501, 3000, 1, 1)
2023-05-02 22:49:32 [INFO ] (1064, 3000, 1, 1)
2023-05-02 22:49:32 [INFO ] (904, 3000, 1, 1)
2023-05-02 22:49:32 [INFO ] (1236, 3000, 1, 1)
2023-05-02 22:49:32 [INFO ] (1776, 3000, 1, 1)
2023-05-02 22:49:32 [INFO ] (1208, 3000, 1, 1)
2023-05-02 22:49:32 [INFO ] (1002, 3000, 1, 1)
2023-05-02 22:49:32 [INFO ] (1101, 3000, 1, 1)
2023-05-02 22:49:32 [INFO ] (2026, 3000, 1, 1)
2023-05-02 22:49:32 [INFO ] (1187, 3000, 1, 1)
2023-05-02 22:49:32 [INFO ] (1326, 3000, 1, 1)
2023-05-02 22:49:32 [INFO ] (1578, 3000, 1, 1)
2023-05-02 22:49:32 [INFO ] (1047, 3000, 1, 1)
2023-05-02 22:49:32 [INFO ] (785, 3000, 1, 1)
2023-05-02 22:49:32 [INFO ] (802, 3000, 1, 1)
2023-05-02 22:49:32 [INFO ] (1130, 3000, 1, 1)
2023-05-02 22:49:32 [INFO ] (911, 3000, 1, 1)
2023-05-02 22:49:32 [INFO ] (2043, 3000, 1, 1)
2023-05-02 22:49:32 [INFO ] W: 42044
2023-05-02 22:49:32 [INFO ] N1: 13561
2023-05-02 22:49:32 [INFO ] N2: 43065
2023-05-02 22:49:32 [INFO ] N3: 8324
2023-05-02 22:49:32 [INFO ] REM: 16999
2023-05-02 22:49:32 [INFO ] Validation set (n_night_sleeps=24)
2023-05-02 22:49:32 [INFO ] (920, 3000, 1, 1)
2023-05-02 22:49:32 [INFO ] (1910, 3000, 1, 1)
2023-05-02 22:49:32 [INFO ] (1104, 3000, 1, 1)
2023-05-02 22:49:32 [INFO ] (2667, 3000, 1, 1)
2023-05-02 22:49:32 [INFO ] (1096, 3000, 1, 1)
2023-05-02 22:49:32 [INFO ] (1131, 3000, 1, 1)
2023-05-02 22:49:32 [INFO ] (2644, 3000, 1, 1)
2023-05-02 22:49:32 [INFO ] (964, 3000, 1, 1)
2023-05-02 22:49:32 [INFO ] (1775, 3000, 1, 1)
2023-05-02 22:49:32 [INFO ] (1127, 3000, 1, 1)
2023-05-02 22:49:32 [INFO ] (1062, 3000, 1, 1)
2023-05-02 22:49:32 [INFO ] (1716, 3000, 1, 1)
2023-05-02 22:49:32 [INFO ] (1134, 3000, 1, 1)
2023-05-02 22:49:32 [INFO ] (1235, 3000, 1, 1)
2023-05-02 22:49:32 [INFO ] (1325, 3000, 1, 1)
2023-05-02 22:49:32 [INFO ] (1028, 3000, 1, 1)
2023-05-02 22:49:32 [INFO ] (1717, 3000, 1, 1)
2023-05-02 22:49:32 [INFO ] (2049, 3000, 1, 1)
2023-05-02 22:49:32 [INFO ] (1515, 3000, 1, 1)
2023-05-02 22:49:32 [INFO ] (1127, 3000, 1, 1)
2023-05-02 22:49:32 [INFO ] (2210, 3000, 1, 1)
2023-05-02 22:49:32 [INFO ] (672, 3000, 1, 1)
2023-05-02 22:49:32 [INFO ] (1021, 3000, 1, 1)
2023-05-02 22:49:32 [INFO ] (1241, 3000, 1, 1)
2023-05-02 22:49:32 [INFO ] W: 13260
2023-05-02 22:49:32 [INFO ] N1: 3418
2023-05-02 22:49:32 [INFO ] N2: 11808
2023-05-02 22:49:32 [INFO ] N3: 2289
2023-05-02 22:49:32 [INFO ] REM: 3615
2023-05-02 22:49:32 [INFO ] Test set (n_night_sleeps=30)
2023-05-02 22:49:32 [INFO ] (1108, 3000, 1, 1)
2023-05-02 22:49:32 [INFO ] (1063, 3000, 1, 1)
2023-05-02 22:49:32 [INFO ] (1413, 3000, 1, 1)
2023-05-02 22:49:32 [INFO ] (1652, 3000, 1, 1)
2023-05-02 22:49:32 [INFO ] (1003, 3000, 1, 1)
2023-05-02 22:49:32 [INFO ] (1021, 3000, 1, 1)
2023-05-02 22:49:32 [INFO ] (1148, 3000, 1, 1)
2023-05-02 22:49:32 [INFO ] (1237, 3000, 1, 1)
2023-05-02 22:49:32 [INFO ] (1052, 3000, 1, 1)
2023-05-02 22:49:32 [INFO ] (1107, 3000, 1, 1)
2023-05-02 22:49:32 [INFO ] (983, 3000, 1, 1)
2023-05-02 22:49:32 [INFO ] (1560, 3000, 1, 1)
2023-05-02 22:49:32 [INFO ] (918, 3000, 1, 1)
2023-05-02 22:49:32 [INFO ] (1144, 3000, 1, 1)
2023-05-02 22:49:32 [INFO ] (1582, 3000, 1, 1)
2023-05-02 22:49:32 [INFO ] (1166, 3000, 1, 1)
2023-05-02 22:49:32 [INFO ] (997, 3000, 1, 1)
2023-05-02 22:49:32 [INFO ] (1273, 3000, 1, 1)
2023-05-02 22:49:32 [INFO ] (1274, 3000, 1, 1)
2023-05-02 22:49:32 [INFO ] (824, 3000, 1, 1)
2023-05-02 22:49:32 [INFO ] (1040, 3000, 1, 1)
2023-05-02 22:49:32 [INFO ] (1229, 3000, 1, 1)
2023-05-02 22:49:32 [INFO ] (1195, 3000, 1, 1)
2023-05-02 22:49:32 [INFO ] (1823, 3000, 1, 1)
2023-05-02 22:49:32 [INFO ] (1186, 3000, 1, 1)
2023-05-02 22:49:32 [INFO ] (1271, 3000, 1, 1)
2023-05-02 22:49:32 [INFO ] (952, 3000, 1, 1)
2023-05-02 22:49:32 [INFO ] (1597, 3000, 1, 1)
2023-05-02 22:49:32 [INFO ] (1054, 3000, 1, 1)
2023-05-02 22:49:32 [INFO ] (1132, 3000, 1, 1)
2023-05-02 22:49:32 [INFO ] W: 10365
2023-05-02 22:49:32 [INFO ] N1: 4451
2023-05-02 22:49:32 [INFO ] N2: 13729
2023-05-02 22:49:32 [INFO ] N3: 2334
2023-05-02 22:49:32 [INFO ] REM: 5125
2023-05-02 22:49:32 [INFO ]   Weighted cross entropy: True
2023-05-02 22:49:32 [INFO ]   Weighted cross entropy: [1.  1.5 1.  1.  1. ]
2023-05-02 22:49:32 [INFO ] using device 1
2023-05-02 22:49:36 [INFO ] Data Augmentation
2023-05-02 22:49:36 [INFO ]   Sequence: True
2023-05-02 22:49:36 [INFO ]   Signal full: True
2023-05-02 22:50:44 [INFO ] [e1/200 s751] TR (n=123670) l=1.3653 a=46.1 f1=25.5 (57.9s)| VA (n=34390) l=1.3509 a=42.4, f1=26.4 (5.4s) | TE (n=36004) l=1.4279 a=39.6, f1=26.8 (3.6s)
2023-05-02 22:50:44 [INFO ] Saved best checkpoint to out_sleepedf/train/0/best_ckpt/best_model.ckpt
2023-05-02 22:51:48 [INFO ] [e2/200 s1486] TR (n=123711) l=1.2510 a=58.5 f1=35.9 (54.4s)| VA (n=34390) l=1.1234 a=63.5, f1=44.1 (5.0s) | TE (n=36004) l=1.1232 a=61.3, f1=42.9 (3.5s)
2023-05-02 22:51:48 [INFO ] Saved best checkpoint to out_sleepedf/train/0/best_ckpt/best_model.ckpt
2023-05-02 22:52:52 [INFO ] [e3/200 s2239] TR (n=123695) l=1.0671 a=62.4 f1=45.4 (54.9s)| VA (n=34390) l=2.7253 a=34.6, f1=11.3 (4.8s) | TE (n=36004) l=2.4478 a=39.0, f1=13.6 (3.9s)
2023-05-02 22:53:56 [INFO ] [e4/200 s2973] TR (n=123689) l=0.9882 a=65.6 f1=53.2 (54.0s)| VA (n=34390) l=0.7213 a=72.3, f1=54.9 (5.2s) | TE (n=36004) l=0.9440 a=68.3, f1=54.5 (3.9s)
2023-05-02 22:53:56 [INFO ] Saved best checkpoint to out_sleepedf/train/0/best_ckpt/best_model.ckpt
2023-05-02 22:55:01 [INFO ] [e5/200 s3708] TR (n=123698) l=1.0395 a=65.6 f1=54.9 (55.0s)| VA (n=34390) l=1.1377 a=58.7, f1=41.5 (5.0s) | TE (n=36004) l=1.0382 a=62.7, f1=44.7 (4.7s)
2023-05-02 22:56:08 [INFO ] [e6/200 s4473] TR (n=123696) l=1.0210 a=67.1 f1=56.4 (56.9s)| VA (n=34390) l=0.7764 a=68.0, f1=50.7 (5.2s) | TE (n=36004) l=1.3758 a=54.6, f1=40.9 (3.9s)
2023-05-02 22:57:10 [INFO ] [e7/200 s5195] TR (n=123688) l=0.9270 a=68.7 f1=59.3 (53.5s)| VA (n=34390) l=1.7029 a=48.9, f1=30.5 (4.8s) | TE (n=36004) l=1.4370 a=56.8, f1=38.3 (3.5s)
2023-05-02 22:58:15 [INFO ] [e8/200 s5945] TR (n=123678) l=0.9777 a=68.9 f1=59.7 (55.7s)| VA (n=34390) l=0.5944 a=74.6, f1=62.2 (4.8s) | TE (n=36004) l=0.7748 a=70.6, f1=61.5 (3.5s)
2023-05-02 22:58:15 [INFO ] Saved best checkpoint to out_sleepedf/train/0/best_ckpt/best_model.ckpt
2023-05-02 22:59:20 [INFO ] [e9/200 s6678] TR (n=123681) l=0.8980 a=70.5 f1=61.9 (54.3s)| VA (n=34390) l=0.5821 a=76.2, f1=60.3 (5.9s) | TE (n=36004) l=0.7832 a=70.8, f1=56.5 (3.6s)
2023-05-02 23:00:21 [INFO ] [e10/200 s7396] TR (n=123682) l=0.8803 a=71.8 f1=63.6 (53.2s)| VA (n=34390) l=0.7492 a=70.9, f1=51.7 (4.5s) | TE (n=36004) l=0.8813 a=67.0, f1=50.0 (3.3s)
2023-05-02 23:01:24 [INFO ] [e11/200 s8138] TR (n=123686) l=0.9624 a=70.8 f1=62.0 (53.9s)| VA (n=34390) l=0.8792 a=62.8, f1=43.2 (4.8s) | TE (n=36004) l=1.1513 a=52.0, f1=36.7 (3.5s)
2023-05-02 23:02:28 [INFO ] [e12/200 s8869] TR (n=123701) l=0.8304 a=71.5 f1=63.2 (55.4s)| VA (n=34390) l=0.5595 a=78.6, f1=64.6 (5.0s) | TE (n=36004) l=0.7642 a=72.7, f1=60.3 (3.6s)
2023-05-02 23:02:28 [INFO ] Saved best checkpoint to out_sleepedf/train/0/best_ckpt/best_model.ckpt
2023-05-02 23:03:34 [INFO ] [e13/200 s9622] TR (n=123705) l=0.8669 a=73.2 f1=65.2 (56.7s)| VA (n=34390) l=1.0348 a=52.2, f1=32.7 (5.0s) | TE (n=36004) l=1.4203 a=42.5, f1=28.0 (3.5s)
2023-05-02 23:04:38 [INFO ] [e14/200 s10363] TR (n=123689) l=0.8523 a=73.1 f1=65.3 (54.8s)| VA (n=34390) l=1.2686 a=61.1, f1=55.1 (5.2s) | TE (n=36004) l=1.0495 a=66.8, f1=60.6 (3.6s)
2023-05-02 23:05:41 [INFO ] [e15/200 s11090] TR (n=123705) l=0.7762 a=75.0 f1=67.5 (53.4s)| VA (n=34390) l=1.6349 a=52.5, f1=35.4 (5.0s) | TE (n=36004) l=1.4137 a=60.0, f1=42.7 (3.5s)
2023-05-02 23:06:56 [INFO ] [e16/200 s11853] TR (n=123728) l=0.7714 a=74.5 f1=66.6 (66.0s)| VA (n=34390) l=0.7025 a=71.0, f1=65.7 (4.9s) | TE (n=36004) l=0.7831 a=67.7, f1=65.1 (3.5s)
2023-05-02 23:08:00 [INFO ] [e17/200 s12593] TR (n=123708) l=0.7524 a=75.8 f1=68.4 (55.0s)| VA (n=34390) l=0.5376 a=77.7, f1=63.3 (4.8s) | TE (n=36004) l=0.7459 a=70.8, f1=55.7 (3.5s)
2023-05-02 23:09:01 [INFO ] [e18/200 s13302] TR (n=123683) l=0.7271 a=77.5 f1=70.4 (52.4s)| VA (n=34390) l=0.8352 a=71.3, f1=62.1 (5.1s) | TE (n=36004) l=1.0148 a=70.0, f1=62.2 (3.5s)
2023-05-02 23:10:03 [INFO ] [e19/200 s14006] TR (n=123687) l=0.7601 a=76.5 f1=69.3 (53.2s)| VA (n=34390) l=1.2282 a=64.9, f1=63.1 (4.9s) | TE (n=36004) l=0.9839 a=67.7, f1=63.1 (3.5s)
2023-05-02 23:11:09 [INFO ] [e20/200 s14756] TR (n=123700) l=0.7568 a=77.2 f1=70.2 (56.8s)| VA (n=34390) l=0.6787 a=73.8, f1=53.9 (5.1s) | TE (n=36004) l=0.9806 a=67.3, f1=47.4 (3.6s)
2023-05-02 23:12:15 [INFO ] [e21/200 s15485] TR (n=123703) l=0.7300 a=77.8 f1=71.1 (55.6s)| VA (n=34390) l=0.6857 a=74.1, f1=66.0 (5.3s) | TE (n=36004) l=0.7877 a=68.9, f1=62.9 (4.1s)
2023-05-02 23:13:18 [INFO ] [e22/200 s16214] TR (n=123679) l=0.7495 a=78.1 f1=71.7 (53.3s)| VA (n=34390) l=2.2812 a=35.9, f1=36.7 (5.5s) | TE (n=36004) l=1.7713 a=45.4, f1=43.5 (3.4s)
2023-05-02 23:14:23 [INFO ] [e23/200 s16967] TR (n=123687) l=0.7440 a=78.5 f1=71.8 (55.6s)| VA (n=34390) l=0.5760 a=78.2, f1=68.8 (4.8s) | TE (n=36004) l=0.6757 a=75.5, f1=68.5 (3.5s)
2023-05-02 23:15:25 [INFO ] [e24/200 s17687] TR (n=123693) l=0.7148 a=78.2 f1=71.5 (53.3s)| VA (n=34390) l=0.8980 a=70.5, f1=64.6 (5.1s) | TE (n=36004) l=0.8125 a=69.4, f1=63.1 (3.6s)
2023-05-02 23:16:25 [INFO ] [e25/200 s18364] TR (n=123687) l=0.7000 a=78.0 f1=70.9 (50.5s)| VA (n=34390) l=0.6235 a=77.2, f1=71.1 (5.0s) | TE (n=36004) l=0.7126 a=73.2, f1=68.0 (3.5s)
2023-05-02 23:17:26 [INFO ] [e26/200 s19076] TR (n=123695) l=0.7207 a=77.9 f1=71.2 (52.0s)| VA (n=34390) l=0.7049 a=75.2, f1=63.5 (5.0s) | TE (n=36004) l=0.7219 a=72.9, f1=62.5 (3.5s)
2023-05-02 23:18:30 [INFO ] [e27/200 s19821] TR (n=123672) l=0.6839 a=78.6 f1=72.4 (54.9s)| VA (n=34390) l=0.5792 a=80.6, f1=73.0 (4.8s) | TE (n=36004) l=0.6270 a=77.7, f1=71.9 (3.4s)
2023-05-02 23:18:30 [INFO ] Saved best checkpoint to out_sleepedf/train/0/best_ckpt/best_model.ckpt
2023-05-02 23:19:33 [INFO ] [e28/200 s20548] TR (n=123717) l=0.7121 a=79.4 f1=72.7 (53.9s)| VA (n=34390) l=0.9698 a=69.8, f1=64.3 (4.7s) | TE (n=36004) l=0.8203 a=70.6, f1=63.0 (3.3s)
2023-05-02 23:20:36 [INFO ] [e29/200 s21292] TR (n=123697) l=0.7176 a=79.1 f1=72.7 (54.5s)| VA (n=34390) l=0.6274 a=76.9, f1=57.8 (5.1s) | TE (n=36004) l=0.7566 a=72.5, f1=55.7 (3.5s)
2023-05-02 23:21:40 [INFO ] [e30/200 s22035] TR (n=123685) l=0.6773 a=79.4 f1=72.9 (54.7s)| VA (n=34390) l=1.4971 a=52.5, f1=34.9 (4.8s) | TE (n=36004) l=1.5264 a=48.2, f1=36.9 (3.5s)
2023-05-02 23:22:42 [INFO ] [e31/200 s22751] TR (n=123685) l=0.7180 a=79.7 f1=73.5 (53.0s)| VA (n=34390) l=3.0496 a=39.0, f1=34.9 (5.1s) | TE (n=36004) l=2.2714 a=48.8, f1=41.0 (3.5s)
2023-05-02 23:23:46 [INFO ] [e32/200 s23501] TR (n=123691) l=0.6533 a=79.7 f1=73.2 (55.4s)| VA (n=34390) l=0.5550 a=80.3, f1=72.9 (4.8s) | TE (n=36004) l=0.6576 a=75.3, f1=68.5 (3.5s)
2023-05-02 23:24:52 [INFO ] [e33/200 s24231] TR (n=123708) l=0.6158 a=79.8 f1=73.5 (55.0s)| VA (n=34390) l=0.5725 a=79.9, f1=72.6 (5.6s) | TE (n=36004) l=0.7190 a=78.3, f1=72.5 (4.0s)
2023-05-02 23:25:57 [INFO ] [e34/200 s24984] TR (n=123702) l=0.6462 a=79.8 f1=73.3 (56.3s)| VA (n=34390) l=0.4561 a=83.9, f1=76.3 (4.9s) | TE (n=36004) l=0.6652 a=77.7, f1=70.3 (3.4s)
2023-05-02 23:25:57 [INFO ] Saved best checkpoint to out_sleepedf/train/0/best_ckpt/best_model.ckpt
2023-05-02 23:27:04 [INFO ] [e35/200 s25731] TR (n=123692) l=0.6714 a=80.2 f1=73.7 (56.8s)| VA (n=34390) l=0.8293 a=66.0, f1=50.4 (5.6s) | TE (n=36004) l=0.8202 a=66.3, f1=53.2 (4.1s)
2023-05-02 23:28:09 [INFO ] [e36/200 s26492] TR (n=123718) l=0.6386 a=80.3 f1=74.0 (56.0s)| VA (n=34390) l=1.0466 a=60.8, f1=49.9 (4.8s) | TE (n=36004) l=1.0386 a=57.2, f1=49.9 (3.3s)
2023-05-02 23:29:10 [INFO ] [e37/200 s27198] TR (n=123681) l=0.6725 a=80.4 f1=74.3 (50.7s)| VA (n=34390) l=0.6566 a=77.0, f1=70.6 (5.9s) | TE (n=36004) l=0.8678 a=74.8, f1=68.1 (4.1s)
2023-05-02 23:30:12 [INFO ] [e38/200 s27938] TR (n=123732) l=0.6671 a=80.2 f1=74.0 (53.5s)| VA (n=34390) l=0.9213 a=67.3, f1=61.6 (4.9s) | TE (n=36004) l=0.7765 a=71.8, f1=66.2 (3.3s)
2023-05-02 23:31:16 [INFO ] [e39/200 s28658] TR (n=123719) l=0.6192 a=80.5 f1=74.5 (54.8s)| VA (n=34390) l=1.8743 a=42.3, f1=33.4 (5.4s) | TE (n=36004) l=1.3550 a=48.1, f1=39.1 (3.5s)
2023-05-02 23:32:22 [INFO ] [e40/200 s29408] TR (n=123714) l=0.6272 a=80.6 f1=74.3 (56.2s)| VA (n=34390) l=0.6837 a=73.3, f1=56.3 (5.2s) | TE (n=36004) l=0.8755 a=67.4, f1=52.9 (3.6s)
2023-05-02 23:33:28 [INFO ] [e41/200 s30164] TR (n=123696) l=0.6185 a=80.7 f1=74.8 (56.7s)| VA (n=34390) l=0.8660 a=73.9, f1=63.7 (5.3s) | TE (n=36004) l=0.8227 a=72.3, f1=62.0 (3.5s)
2023-05-02 23:34:31 [INFO ] [e42/200 s30888] TR (n=123715) l=0.5944 a=80.8 f1=74.8 (54.2s)| VA (n=34390) l=1.0774 a=63.8, f1=48.8 (4.9s) | TE (n=36004) l=0.9483 a=66.1, f1=51.7 (3.6s)
2023-05-02 23:35:38 [INFO ] [e43/200 s31641] TR (n=123682) l=0.6382 a=80.5 f1=74.3 (56.7s)| VA (n=34390) l=0.6738 a=74.8, f1=56.7 (4.9s) | TE (n=36004) l=0.7608 a=70.7, f1=55.3 (4.1s)
2023-05-02 23:36:38 [INFO ] [e44/200 s32348] TR (n=123695) l=0.6536 a=80.3 f1=74.1 (51.5s)| VA (n=34390) l=1.3219 a=62.7, f1=58.9 (4.8s) | TE (n=36004) l=0.9448 a=71.0, f1=66.2 (3.5s)
2023-05-02 23:37:42 [INFO ] [e45/200 s33072] TR (n=123716) l=0.6456 a=81.2 f1=75.3 (53.6s)| VA (n=34390) l=0.6572 a=77.3, f1=70.3 (5.3s) | TE (n=36004) l=0.9097 a=74.8, f1=67.0 (4.3s)
2023-05-02 23:38:48 [INFO ] [e46/200 s33799] TR (n=123677) l=0.6328 a=80.9 f1=75.0 (56.3s)| VA (n=34390) l=1.2309 a=59.3, f1=57.3 (5.1s) | TE (n=36004) l=1.0223 a=64.2, f1=61.1 (4.3s)
2023-05-02 23:39:54 [INFO ] [e47/200 s34560] TR (n=123666) l=0.6065 a=80.7 f1=74.5 (57.0s)| VA (n=34390) l=0.4868 a=83.0, f1=75.6 (4.8s) | TE (n=36004) l=0.6789 a=78.5, f1=72.2 (3.4s)
2023-05-02 23:40:56 [INFO ] [e48/200 s35282] TR (n=123688) l=0.6392 a=81.3 f1=75.4 (52.3s)| VA (n=34390) l=0.5734 a=78.5, f1=66.1 (4.9s) | TE (n=36004) l=0.8127 a=73.8, f1=61.1 (3.6s)
2023-05-02 23:41:58 [INFO ] [e49/200 s36007] TR (n=123687) l=0.5975 a=81.1 f1=75.1 (53.9s)| VA (n=34390) l=0.6311 a=75.5, f1=64.8 (4.8s) | TE (n=36004) l=0.7866 a=71.6, f1=61.1 (3.6s)
2023-05-02 23:43:02 [INFO ] [e50/200 s36760] TR (n=123700) l=0.6105 a=81.5 f1=75.6 (54.7s)| VA (n=34390) l=0.5522 a=79.0, f1=71.3 (5.2s) | TE (n=36004) l=0.6409 a=76.9, f1=68.8 (3.5s)
2023-05-02 23:43:02 [INFO ] >> Confusion Matrix
2023-05-02 23:43:02 [INFO ] [[ 8900  1093   190     2   180]
 [  631  2564   932     0   324]
 [   60  1340 11997     9   323]
 [    0    79  1448   778    29]
 [  194   608   875     1  3447]]
2023-05-02 23:44:05 [INFO ] [e51/200 s37495] TR (n=123681) l=0.6019 a=81.1 f1=75.1 (53.1s)| VA (n=34390) l=0.4516 a=83.6, f1=75.7 (4.9s) | TE (n=36004) l=0.7350 a=75.8, f1=66.7 (3.7s)
2023-05-02 23:45:07 [INFO ] [e52/200 s38212] TR (n=123701) l=0.6395 a=80.9 f1=74.8 (52.5s)| VA (n=34390) l=0.6554 a=74.4, f1=64.4 (5.5s) | TE (n=36004) l=0.6994 a=73.0, f1=64.6 (3.7s)
2023-05-02 23:46:10 [INFO ] [e53/200 s38955] TR (n=123699) l=0.5747 a=81.9 f1=76.3 (54.5s)| VA (n=34390) l=0.5311 a=79.0, f1=69.7 (4.6s) | TE (n=36004) l=0.6646 a=77.3, f1=68.1 (3.7s)
2023-05-02 23:47:13 [INFO ] [e54/200 s39711] TR (n=123720) l=0.6266 a=81.2 f1=75.3 (54.2s)| VA (n=34390) l=0.4423 a=83.5, f1=76.2 (4.8s) | TE (n=36004) l=0.6364 a=79.0, f1=71.8 (3.5s)
2023-05-02 23:48:19 [INFO ] [e55/200 s40464] TR (n=123689) l=0.5889 a=81.5 f1=75.7 (56.0s)| VA (n=34390) l=0.4819 a=81.3, f1=72.4 (5.4s) | TE (n=36004) l=0.7632 a=75.7, f1=68.1 (3.3s)
2023-05-02 23:49:22 [INFO ] [e56/200 s41202] TR (n=123684) l=0.6257 a=80.9 f1=75.0 (52.7s)| VA (n=34390) l=0.5979 a=77.1, f1=71.4 (5.6s) | TE (n=36004) l=0.7791 a=70.4, f1=67.1 (4.5s)
2023-05-02 23:50:28 [INFO ] [e57/200 s41955] TR (n=123680) l=0.5873 a=81.3 f1=75.5 (56.4s)| VA (n=34390) l=0.5351 a=76.5, f1=63.4 (5.6s) | TE (n=36004) l=0.7440 a=69.9, f1=58.0 (3.9s)
2023-05-02 23:51:33 [INFO ] [e58/200 s42692] TR (n=123700) l=0.5859 a=81.5 f1=75.7 (54.5s)| VA (n=34390) l=0.5558 a=78.1, f1=72.7 (5.1s) | TE (n=36004) l=0.6942 a=75.0, f1=71.3 (4.0s)
2023-05-02 23:52:37 [INFO ] [e59/200 s43421] TR (n=123698) l=0.5978 a=81.3 f1=75.5 (54.7s)| VA (n=34390) l=0.5892 a=78.1, f1=72.3 (5.0s) | TE (n=36004) l=0.6234 a=77.6, f1=72.8 (3.9s)
2023-05-02 23:53:42 [INFO ] [e60/200 s44188] TR (n=123692) l=0.5776 a=82.0 f1=76.5 (55.0s)| VA (n=34390) l=0.7080 a=73.6, f1=64.2 (5.1s) | TE (n=36004) l=0.9504 a=70.3, f1=62.1 (4.0s)
2023-05-02 23:54:43 [INFO ] [e61/200 s44908] TR (n=123694) l=0.5666 a=81.7 f1=76.0 (52.2s)| VA (n=34390) l=0.4721 a=81.9, f1=75.2 (4.8s) | TE (n=36004) l=0.7496 a=76.7, f1=70.7 (3.4s)
2023-05-02 23:55:48 [INFO ] [e62/200 s45647] TR (n=123677) l=0.5939 a=81.9 f1=76.3 (55.1s)| VA (n=34390) l=0.9751 a=71.0, f1=66.7 (5.1s) | TE (n=36004) l=0.8302 a=73.7, f1=69.6 (4.1s)
2023-05-02 23:56:51 [INFO ] [e63/200 s46403] TR (n=123727) l=0.5566 a=82.2 f1=76.7 (54.9s)| VA (n=34390) l=0.5457 a=78.1, f1=66.8 (4.5s) | TE (n=36004) l=0.9849 a=70.4, f1=61.3 (3.2s)
2023-05-02 23:57:54 [INFO ] [e64/200 s47154] TR (n=123691) l=0.5934 a=81.9 f1=76.1 (53.9s)| VA (n=34390) l=2.1037 a=53.3, f1=49.4 (5.4s) | TE (n=36004) l=1.3836 a=64.4, f1=59.1 (3.3s)
2023-05-02 23:58:57 [INFO ] [e65/200 s47905] TR (n=123696) l=0.6112 a=81.6 f1=75.9 (53.6s)| VA (n=34390) l=0.6085 a=79.5, f1=71.4 (5.5s) | TE (n=36004) l=0.7284 a=77.8, f1=69.9 (3.3s)
2023-05-02 23:59:59 [INFO ] [e66/200 s48641] TR (n=123719) l=0.5660 a=82.1 f1=76.5 (52.9s)| VA (n=34390) l=0.4902 a=81.4, f1=75.6 (5.0s) | TE (n=36004) l=0.8006 a=73.2, f1=68.1 (3.4s)
2023-05-03 00:01:02 [INFO ] [e67/200 s49391] TR (n=123689) l=0.5663 a=82.5 f1=77.0 (54.3s)| VA (n=34390) l=0.4738 a=81.7, f1=73.7 (4.7s) | TE (n=36004) l=0.7805 a=77.0, f1=68.9 (3.4s)
2023-05-03 00:02:00 [INFO ] [e68/200 s50109] TR (n=123710) l=0.5619 a=82.6 f1=77.0 (49.9s)| VA (n=34390) l=0.4463 a=82.9, f1=74.3 (4.6s) | TE (n=36004) l=0.7266 a=76.8, f1=67.6 (3.4s)
2023-05-03 00:03:00 [INFO ] [e69/200 s50852] TR (n=123706) l=0.5635 a=82.2 f1=76.9 (51.5s)| VA (n=34390) l=1.6154 a=63.4, f1=57.3 (4.6s) | TE (n=36004) l=1.1566 a=69.8, f1=61.9 (3.4s)
2023-05-03 00:03:58 [INFO ] [e70/200 s51557] TR (n=123733) l=0.5815 a=82.4 f1=76.7 (49.2s)| VA (n=34390) l=0.4858 a=80.4, f1=65.7 (4.6s) | TE (n=36004) l=0.7143 a=77.3, f1=63.1 (3.2s)
2023-05-03 00:04:58 [INFO ] [e71/200 s52299] TR (n=123682) l=0.5888 a=82.4 f1=76.8 (51.7s)| VA (n=34390) l=0.9100 a=70.3, f1=55.2 (4.5s) | TE (n=36004) l=0.9250 a=71.6, f1=56.5 (3.2s)
2023-05-03 00:05:57 [INFO ] [e72/200 s53029] TR (n=123705) l=0.5768 a=82.6 f1=76.8 (50.8s)| VA (n=34390) l=0.7042 a=76.3, f1=71.9 (4.5s) | TE (n=36004) l=0.7185 a=76.6, f1=72.3 (3.2s)
2023-05-03 00:06:57 [INFO ] [e73/200 s53769] TR (n=123678) l=0.6025 a=82.5 f1=76.9 (52.0s)| VA (n=34390) l=0.5059 a=81.3, f1=76.1 (4.5s) | TE (n=36004) l=0.6987 a=78.3, f1=73.7 (3.2s)
2023-05-03 00:07:58 [INFO ] [e74/200 s54524] TR (n=123698) l=0.5324 a=82.7 f1=77.6 (52.6s)| VA (n=34390) l=0.4765 a=82.7, f1=74.1 (4.5s) | TE (n=36004) l=0.7254 a=77.2, f1=67.5 (3.3s)
2023-05-03 00:08:55 [INFO ] [e75/200 s55234] TR (n=123718) l=0.5295 a=82.9 f1=77.4 (49.2s)| VA (n=34390) l=0.4864 a=79.5, f1=61.8 (4.6s) | TE (n=36004) l=0.6637 a=76.2, f1=60.9 (3.4s)
2023-05-03 00:09:55 [INFO ] [e76/200 s55981] TR (n=123698) l=0.5518 a=82.9 f1=77.3 (51.8s)| VA (n=34390) l=0.6475 a=75.2, f1=58.2 (4.6s) | TE (n=36004) l=0.8704 a=71.0, f1=56.0 (3.3s)
2023-05-03 00:10:56 [INFO ] [e77/200 s56734] TR (n=123698) l=0.5699 a=82.2 f1=76.9 (52.3s)| VA (n=34390) l=1.2688 a=58.4, f1=51.1 (4.5s) | TE (n=36004) l=1.1085 a=58.4, f1=51.8 (3.3s)
2023-05-03 00:12:31 [INFO ] [e78/200 s57460] TR (n=123705) l=0.5309 a=82.7 f1=77.5 (52.0s)| VA (n=34390) l=0.8406 a=68.5, f1=55.2 (4.4s) | TE (n=36004) l=1.1910 a=58.5, f1=47.5 (3.2s)
2023-05-03 00:13:33 [INFO ] [e79/200 s58224] TR (n=123705) l=0.5798 a=82.5 f1=76.9 (52.9s)| VA (n=34390) l=0.4583 a=83.5, f1=74.7 (4.8s) | TE (n=36004) l=0.6732 a=78.7, f1=68.9 (3.3s)
2023-05-03 00:14:32 [INFO ] [e80/200 s58966] TR (n=123711) l=0.6573 a=82.4 f1=76.8 (50.9s)| VA (n=34390) l=0.4907 a=79.6, f1=74.2 (4.5s) | TE (n=36004) l=0.6412 a=75.1, f1=70.7 (3.2s)
2023-05-03 00:15:32 [INFO ] [e81/200 s59729] TR (n=123711) l=0.5553 a=82.2 f1=76.6 (51.8s)| VA (n=34390) l=0.4376 a=83.9, f1=77.3 (4.3s) | TE (n=36004) l=0.8149 a=77.0, f1=71.4 (3.1s)
2023-05-03 00:15:32 [INFO ] Saved best checkpoint to out_sleepedf/train/0/best_ckpt/best_model.ckpt
2023-05-03 00:16:30 [INFO ] [e82/200 s60480] TR (n=123709) l=0.5458 a=82.3 f1=76.9 (51.0s)| VA (n=34390) l=0.6785 a=77.7, f1=71.4 (4.4s) | TE (n=36004) l=0.7367 a=77.2, f1=72.5 (3.1s)
2023-05-03 00:17:25 [INFO ] [e83/200 s61178] TR (n=123712) l=0.5701 a=82.6 f1=77.1 (47.4s)| VA (n=34390) l=1.1869 a=64.7, f1=57.2 (4.4s) | TE (n=36004) l=0.8751 a=70.9, f1=62.1 (3.1s)
2023-05-03 00:18:22 [INFO ] [e84/200 s61901] TR (n=123679) l=0.5307 a=82.9 f1=77.8 (49.2s)| VA (n=34390) l=0.5425 a=80.4, f1=73.8 (4.4s) | TE (n=36004) l=0.7700 a=75.1, f1=68.8 (3.2s)
2023-05-03 00:19:20 [INFO ] [e85/200 s62621] TR (n=123701) l=0.5447 a=82.7 f1=77.3 (49.4s)| VA (n=34390) l=2.1696 a=47.5, f1=38.3 (4.5s) | TE (n=36004) l=1.2738 a=60.2, f1=51.0 (3.2s)
2023-05-03 00:20:19 [INFO ] [e86/200 s63356] TR (n=123693) l=0.5680 a=82.9 f1=77.6 (50.2s)| VA (n=34390) l=0.4130 a=83.7, f1=78.3 (4.7s) | TE (n=36004) l=0.6145 a=79.4, f1=75.0 (3.2s)
2023-05-03 00:21:15 [INFO ] [e87/200 s64052] TR (n=123688) l=0.5432 a=83.0 f1=77.9 (47.7s)| VA (n=34390) l=0.5135 a=81.0, f1=74.7 (4.5s) | TE (n=36004) l=0.6890 a=75.8, f1=71.5 (3.3s)
2023-05-03 00:22:14 [INFO ] [e88/200 s64796] TR (n=123702) l=0.5493 a=82.5 f1=77.1 (50.9s)| VA (n=34390) l=1.2340 a=62.5, f1=60.6 (4.6s) | TE (n=36004) l=0.8895 a=69.5, f1=66.4 (3.3s)
2023-05-03 00:23:16 [INFO ] [e89/200 s65514] TR (n=123705) l=0.5542 a=82.7 f1=77.1 (50.8s)| VA (n=34390) l=0.6370 a=77.8, f1=71.2 (4.5s) | TE (n=36004) l=0.6863 a=76.9, f1=71.0 (3.4s)
2023-05-03 00:24:15 [INFO ] [e90/200 s66263] TR (n=123673) l=0.5414 a=82.9 f1=77.8 (51.1s)| VA (n=34390) l=0.5253 a=79.2, f1=70.5 (4.5s) | TE (n=36004) l=0.6628 a=74.7, f1=64.8 (3.2s)
2023-05-03 00:25:15 [INFO ] [e91/200 s67019] TR (n=123694) l=0.5367 a=83.1 f1=78.0 (51.9s)| VA (n=34390) l=0.5239 a=80.4, f1=74.0 (4.4s) | TE (n=36004) l=0.6894 a=77.3, f1=71.0 (3.2s)
2023-05-03 00:26:13 [INFO ] [e92/200 s67742] TR (n=123708) l=0.5386 a=83.4 f1=78.4 (49.3s)| VA (n=34390) l=0.7347 a=74.0, f1=62.8 (4.4s) | TE (n=36004) l=0.7284 a=75.9, f1=64.1 (3.1s)
2023-05-03 00:27:11 [INFO ] [e93/200 s68480] TR (n=123707) l=0.5469 a=83.5 f1=78.6 (50.4s)| VA (n=34390) l=0.6899 a=75.3, f1=68.9 (4.4s) | TE (n=36004) l=0.9836 a=66.5, f1=60.9 (3.2s)
2023-05-03 00:28:10 [INFO ] [e94/200 s69226] TR (n=123703) l=0.5692 a=83.0 f1=77.9 (50.9s)| VA (n=34390) l=1.5360 a=58.9, f1=50.3 (4.6s) | TE (n=36004) l=1.1480 a=67.3, f1=55.3 (3.2s)
2023-05-03 00:29:05 [INFO ] [e95/200 s69910] TR (n=123700) l=0.5594 a=82.6 f1=77.0 (46.8s)| VA (n=34390) l=0.5024 a=79.9, f1=75.1 (4.5s) | TE (n=36004) l=0.5994 a=78.6, f1=73.2 (3.2s)
2023-05-03 00:30:04 [INFO ] [e96/200 s70658] TR (n=123703) l=0.5707 a=82.9 f1=77.7 (51.2s)| VA (n=34390) l=0.4499 a=83.8, f1=76.8 (4.6s) | TE (n=36004) l=0.6711 a=78.4, f1=71.0 (3.2s)
2023-05-03 00:31:03 [INFO ] [e97/200 s71389] TR (n=123686) l=0.5390 a=83.4 f1=78.3 (50.3s)| VA (n=34390) l=1.7654 a=56.4, f1=43.2 (4.6s) | TE (n=36004) l=1.2225 a=62.8, f1=48.5 (3.2s)
2023-05-03 00:32:03 [INFO ] [e98/200 s72143] TR (n=123712) l=0.6013 a=82.5 f1=77.2 (51.6s)| VA (n=34390) l=0.7560 a=70.9, f1=67.0 (4.5s) | TE (n=36004) l=0.7212 a=71.2, f1=67.3 (3.2s)
2023-05-03 00:48:46 [INFO ] [e99/200 s72892] TR (n=123683) l=0.5574 a=83.1 f1=77.9 (51.9s)| VA (n=34390) l=1.2909 a=66.6, f1=61.8 (4.6s) | TE (n=36004) l=0.9465 a=72.7, f1=66.4 (3.2s)
2023-05-03 01:05:41 [INFO ] [e100/200 s73625] TR (n=123700) l=0.5370 a=83.3 f1=78.2 (51.1s)| VA (n=34390) l=0.9345 a=68.1, f1=51.4 (4.5s) | TE (n=36004) l=0.8410 a=70.1, f1=55.7 (3.2s)
2023-05-03 01:05:41 [INFO ] >> Confusion Matrix
2023-05-03 01:05:41 [INFO ] [[ 7137  2109   310     0   809]
 [  102  2519   955     0   875]
 [    1  1510 11323     0   895]
 [    0    97  2184    39    14]
 [    1   348   567     0  4209]]
2023-05-03 01:22:30 [INFO ] [e101/200 s74389] TR (n=123714) l=0.5301 a=82.7 f1=77.7 (53.5s)| VA (n=34390) l=0.7068 a=67.3, f1=50.5 (4.5s) | TE (n=36004) l=1.0445 a=59.7, f1=46.9 (3.3s)
2023-05-03 01:39:09 [INFO ] [e102/200 s75131] TR (n=123707) l=0.6150 a=83.3 f1=78.1 (51.5s)| VA (n=34390) l=0.5316 a=78.1, f1=70.9 (4.5s) | TE (n=36004) l=0.6694 a=75.6, f1=68.6 (3.3s)
2023-05-03 01:56:28 [INFO ] [e103/200 s75856] TR (n=123694) l=0.5131 a=82.9 f1=77.6 (50.5s)| VA (n=34390) l=0.6641 a=73.6, f1=62.2 (4.5s) | TE (n=36004) l=0.7590 a=73.7, f1=61.7 (3.2s)
2023-05-03 02:13:10 [INFO ] [e104/200 s76595] TR (n=123683) l=0.5417 a=83.1 f1=77.9 (51.4s)| VA (n=34390) l=0.7612 a=68.2, f1=56.7 (4.5s) | TE (n=36004) l=0.8648 a=64.1, f1=54.5 (3.3s)
2023-05-03 02:29:32 [INFO ] [e105/200 s77332] TR (n=123711) l=0.5501 a=83.7 f1=78.8 (51.0s)| VA (n=34390) l=1.7342 a=57.6, f1=57.1 (4.5s) | TE (n=36004) l=1.1142 a=66.2, f1=63.7 (3.3s)
2023-05-03 03:01:30 [INFO ] [e106/200 s78082] TR (n=123708) l=0.5353 a=83.6 f1=78.6 (52.3s)| VA (n=34390) l=0.5421 a=78.5, f1=75.0 (4.5s) | TE (n=36004) l=0.6926 a=75.2, f1=72.7 (3.2s)
2023-05-03 03:18:47 [INFO ] [e107/200 s78840] TR (n=123718) l=0.4934 a=83.6 f1=78.7 (52.6s)| VA (n=34390) l=0.4407 a=82.3, f1=74.8 (4.5s) | TE (n=36004) l=0.6666 a=78.2, f1=70.3 (3.2s)
2023-05-03 03:34:45 [INFO ] [e108/200 s79580] TR (n=123714) l=0.5039 a=83.6 f1=78.6 (51.2s)| VA (n=34390) l=0.4848 a=81.3, f1=73.7 (4.5s) | TE (n=36004) l=0.6796 a=79.6, f1=71.2 (3.2s)
2023-05-03 03:52:11 [INFO ] [e109/200 s80337] TR (n=123726) l=0.5085 a=83.9 f1=78.8 (51.8s)| VA (n=34390) l=0.5649 a=81.7, f1=74.1 (4.7s) | TE (n=36004) l=0.7311 a=78.2, f1=71.8 (3.2s)
2023-05-03 04:26:34 [INFO ] [e110/200 s81086] TR (n=123728) l=0.5103 a=83.7 f1=78.6 (51.8s)| VA (n=34390) l=0.7710 a=67.4, f1=53.8 (4.5s) | TE (n=36004) l=1.1334 a=59.8, f1=50.6 (3.9s)
2023-05-03 04:42:36 [INFO ] [e111/200 s81820] TR (n=123683) l=0.5341 a=83.5 f1=78.4 (50.8s)| VA (n=34390) l=0.4669 a=82.9, f1=77.3 (4.4s) | TE (n=36004) l=0.6277 a=79.0, f1=73.7 (3.2s)
2023-05-03 04:48:35 [INFO ] [e112/200 s82583] TR (n=123703) l=0.5168 a=83.5 f1=78.5 (52.7s)| VA (n=34390) l=0.5833 a=77.8, f1=70.4 (4.4s) | TE (n=36004) l=0.7136 a=74.0, f1=67.1 (3.2s)
2023-05-03 05:05:43 [INFO ] [e113/200 s83293] TR (n=123681) l=0.5570 a=83.3 f1=78.4 (49.2s)| VA (n=34390) l=0.8142 a=70.0, f1=55.3 (4.5s) | TE (n=36004) l=0.8860 a=69.2, f1=55.9 (3.2s)
2023-05-03 05:37:19 [INFO ] [e114/200 s84049] TR (n=123690) l=0.5477 a=83.5 f1=78.4 (52.6s)| VA (n=34390) l=0.4581 a=83.3, f1=77.2 (5.2s) | TE (n=36004) l=0.6397 a=79.9, f1=74.6 (3.3s)
2023-05-03 05:38:19 [INFO ] [e115/200 s84786] TR (n=123723) l=0.5113 a=83.7 f1=78.6 (51.3s)| VA (n=34390) l=0.5939 a=78.5, f1=71.2 (4.5s) | TE (n=36004) l=0.8892 a=70.9, f1=64.1 (3.2s)
2023-05-03 05:39:39 [INFO ] [e116/200 s85531] TR (n=123708) l=0.5208 a=83.8 f1=78.8 (51.7s)| VA (n=34390) l=0.5080 a=79.3, f1=75.1 (4.5s) | TE (n=36004) l=0.6237 a=78.4, f1=74.5 (3.2s)
2023-05-03 05:40:36 [INFO ] [e117/200 s86243] TR (n=123692) l=0.5113 a=83.6 f1=78.5 (49.2s)| VA (n=34390) l=0.7884 a=75.5, f1=70.0 (4.5s) | TE (n=36004) l=0.8289 a=75.5, f1=71.4 (3.3s)
2023-05-03 05:41:46 [INFO ] [e118/200 s86977] TR (n=123697) l=0.5674 a=83.2 f1=78.3 (51.0s)| VA (n=34390) l=1.0392 a=72.2, f1=67.5 (4.5s) | TE (n=36004) l=0.8220 a=73.2, f1=68.5 (3.3s)
2023-05-03 05:42:45 [INFO ] [e119/200 s87714] TR (n=123710) l=0.5104 a=83.6 f1=78.6 (50.2s)| VA (n=34390) l=0.7019 a=77.1, f1=72.0 (4.5s) | TE (n=36004) l=0.7229 a=76.2, f1=71.6 (3.4s)
2023-05-03 05:43:45 [INFO ] [e120/200 s88438] TR (n=123674) l=0.5789 a=83.3 f1=78.4 (50.3s)| VA (n=34390) l=1.2804 a=61.5, f1=50.0 (4.4s) | TE (n=36004) l=0.9443 a=69.5, f1=59.5 (3.2s)
2023-05-03 05:45:34 [INFO ] [e121/200 s89175] TR (n=123698) l=0.5275 a=83.7 f1=78.7 (51.1s)| VA (n=34390) l=0.8356 a=77.8, f1=68.1 (4.4s) | TE (n=36004) l=0.9463 a=76.8, f1=68.2 (3.2s)
2023-05-03 05:46:33 [INFO ] [e122/200 s89918] TR (n=123702) l=0.5361 a=83.9 f1=78.8 (51.0s)| VA (n=34390) l=0.5900 a=81.4, f1=74.8 (4.5s) | TE (n=36004) l=0.6778 a=79.6, f1=75.0 (3.2s)
2023-05-03 05:47:32 [INFO ] [e123/200 s90662] TR (n=123704) l=0.4959 a=84.1 f1=79.0 (50.9s)| VA (n=34390) l=0.6147 a=75.6, f1=69.4 (4.5s) | TE (n=36004) l=0.7583 a=73.6, f1=65.6 (3.3s)
2023-05-03 05:48:29 [INFO ] [e124/200 s91381] TR (n=123719) l=0.5303 a=83.7 f1=79.0 (48.7s)| VA (n=34390) l=1.0200 a=71.6, f1=65.8 (4.4s) | TE (n=36004) l=0.8854 a=73.5, f1=67.8 (3.1s)
2023-05-03 05:49:28 [INFO ] [e125/200 s92138] TR (n=123707) l=0.5295 a=83.7 f1=78.7 (51.5s)| VA (n=34390) l=0.6273 a=78.2, f1=66.1 (4.5s) | TE (n=36004) l=1.1024 a=73.3, f1=62.7 (3.2s)
2023-05-03 05:50:27 [INFO ] [e126/200 s92885] TR (n=123695) l=0.5307 a=84.0 f1=79.0 (50.6s)| VA (n=34390) l=0.6553 a=76.9, f1=68.6 (4.6s) | TE (n=36004) l=0.6778 a=76.4, f1=67.3 (3.2s)
2023-05-03 05:51:26 [INFO ] [e127/200 s93628] TR (n=123699) l=0.5624 a=84.0 f1=79.1 (50.3s)| VA (n=34390) l=0.4638 a=83.0, f1=77.2 (4.4s) | TE (n=36004) l=0.7321 a=76.8, f1=70.9 (3.2s)
2023-05-03 05:52:25 [INFO ] [e128/200 s94374] TR (n=123703) l=0.5007 a=84.0 f1=79.0 (50.8s)| VA (n=34390) l=0.5491 a=79.1, f1=65.4 (4.5s) | TE (n=36004) l=0.8778 a=73.7, f1=58.9 (3.4s)
2023-05-03 05:53:23 [INFO ] [e129/200 s95119] TR (n=123697) l=0.5171 a=83.9 f1=79.0 (50.3s)| VA (n=34390) l=0.6908 a=71.1, f1=61.2 (4.4s) | TE (n=36004) l=0.8539 a=70.5, f1=60.8 (3.1s)
2023-05-03 05:54:22 [INFO ] [e130/200 s95872] TR (n=123703) l=0.4850 a=84.0 f1=79.1 (51.2s)| VA (n=34390) l=0.5642 a=80.1, f1=73.4 (4.4s) | TE (n=36004) l=0.7067 a=77.5, f1=70.9 (3.2s)
2023-05-03 05:55:22 [INFO ] [e131/200 s96632] TR (n=123695) l=0.4972 a=84.0 f1=79.2 (52.1s)| VA (n=34390) l=0.8089 a=76.0, f1=57.7 (4.4s) | TE (n=36004) l=1.0588 a=74.8, f1=56.4 (3.2s)
2023-05-03 05:56:22 [INFO ] [e132/200 s97390] TR (n=123702) l=0.5194 a=83.6 f1=78.4 (51.6s)| VA (n=34390) l=0.6732 a=75.5, f1=67.5 (4.5s) | TE (n=36004) l=0.7574 a=73.4, f1=64.7 (3.2s)
2023-05-03 05:57:22 [INFO ] [e133/200 s98154] TR (n=123687) l=0.5446 a=83.5 f1=78.5 (51.9s)| VA (n=34390) l=0.4242 a=84.3, f1=79.1 (4.5s) | TE (n=36004) l=0.6104 a=79.4, f1=74.4 (3.2s)
2023-05-03 05:57:22 [INFO ] Saved best checkpoint to out_sleepedf/train/0/best_ckpt/best_model.ckpt
2023-05-03 05:58:19 [INFO ] [e134/200 s98861] TR (n=123693) l=0.5085 a=84.1 f1=79.3 (48.4s)| VA (n=34390) l=0.5000 a=80.9, f1=76.3 (4.6s) | TE (n=36004) l=0.6880 a=78.7, f1=74.1 (3.2s)
2023-05-03 05:59:17 [INFO ] [e135/200 s99579] TR (n=123702) l=0.5042 a=84.3 f1=79.7 (49.1s)| VA (n=34390) l=0.6874 a=74.2, f1=68.7 (4.8s) | TE (n=36004) l=0.7137 a=72.4, f1=67.8 (3.5s)
2023-05-03 06:00:34 [INFO ] [e136/200 s100286] TR (n=123663) l=0.5182 a=83.8 f1=79.1 (50.0s)| VA (n=34390) l=1.2025 a=65.9, f1=57.5 (4.7s) | TE (n=36004) l=0.8801 a=71.7, f1=62.0 (3.4s)
2023-05-03 06:01:33 [INFO ] [e137/200 s101005] TR (n=123679) l=0.5163 a=83.9 f1=78.9 (50.1s)| VA (n=34390) l=0.4660 a=84.5, f1=79.3 (4.6s) | TE (n=36004) l=0.6358 a=80.7, f1=76.0 (3.4s)
2023-05-03 06:01:33 [INFO ] Saved best checkpoint to out_sleepedf/train/0/best_ckpt/best_model.ckpt
2023-05-03 06:02:32 [INFO ] [e138/200 s101757] TR (n=123697) l=0.4912 a=84.2 f1=79.6 (51.4s)| VA (n=34390) l=1.0495 a=67.4, f1=50.6 (4.6s) | TE (n=36004) l=1.1825 a=69.6, f1=53.6 (3.2s)
2023-05-03 06:03:31 [INFO ] [e139/200 s102502] TR (n=123715) l=0.4768 a=84.4 f1=79.6 (50.6s)| VA (n=34390) l=0.5305 a=78.6, f1=73.2 (4.4s) | TE (n=36004) l=0.6791 a=77.1, f1=72.4 (3.1s)
2023-05-03 06:04:29 [INFO ] [e140/200 s103250] TR (n=123693) l=0.5167 a=84.1 f1=79.4 (50.8s)| VA (n=34390) l=0.5249 a=81.7, f1=76.1 (4.4s) | TE (n=36004) l=0.6562 a=80.6, f1=75.1 (3.1s)
2023-05-03 06:05:28 [INFO ] [e141/200 s103989] TR (n=123700) l=0.4916 a=84.6 f1=80.0 (50.3s)| VA (n=34390) l=1.2470 a=65.4, f1=52.4 (4.5s) | TE (n=36004) l=1.1685 a=70.2, f1=56.5 (3.2s)
2023-05-03 06:06:28 [INFO ] [e142/200 s104751] TR (n=123713) l=0.5063 a=84.6 f1=79.9 (52.0s)| VA (n=34390) l=0.4546 a=84.5, f1=78.0 (4.4s) | TE (n=36004) l=0.7405 a=78.5, f1=72.3 (3.2s)
2023-05-03 06:07:29 [INFO ] [e143/200 s105491] TR (n=123698) l=0.4938 a=84.3 f1=79.5 (52.9s)| VA (n=34390) l=0.6584 a=78.2, f1=73.0 (4.6s) | TE (n=36004) l=0.6461 a=77.9, f1=73.7 (3.2s)
2023-05-03 06:08:28 [INFO ] [e144/200 s106231] TR (n=123691) l=0.4702 a=84.5 f1=79.9 (51.1s)| VA (n=34390) l=0.6616 a=74.1, f1=62.4 (4.6s) | TE (n=36004) l=0.8210 a=70.1, f1=60.2 (3.2s)
2023-05-03 06:09:29 [INFO ] [e145/200 s106973] TR (n=123701) l=0.4972 a=84.5 f1=79.8 (52.4s)| VA (n=34390) l=0.6916 a=76.6, f1=70.7 (4.6s) | TE (n=36004) l=0.7672 a=77.7, f1=70.2 (3.2s)
2023-05-03 06:10:30 [INFO ] [e146/200 s107721] TR (n=123708) l=0.5106 a=84.2 f1=79.2 (52.9s)| VA (n=34390) l=0.5313 a=82.5, f1=74.8 (4.5s) | TE (n=36004) l=0.6919 a=79.7, f1=72.2 (3.5s)
2023-05-03 06:11:31 [INFO ] [e147/200 s108473] TR (n=123697) l=0.4816 a=84.3 f1=79.5 (53.0s)| VA (n=34390) l=0.5672 a=79.3, f1=73.5 (4.5s) | TE (n=36004) l=0.8091 a=76.4, f1=71.2 (3.2s)
2023-05-03 06:12:34 [INFO ] [e148/200 s109226] TR (n=123696) l=0.4956 a=84.3 f1=79.5 (54.3s)| VA (n=34390) l=0.6074 a=76.5, f1=69.0 (4.5s) | TE (n=36004) l=0.8571 a=70.4, f1=63.4 (3.3s)
2023-05-03 06:13:37 [INFO ] [e149/200 s109965] TR (n=123705) l=0.5195 a=84.4 f1=79.7 (54.6s)| VA (n=34390) l=0.6342 a=77.7, f1=66.6 (4.8s) | TE (n=36004) l=1.0057 a=70.3, f1=58.8 (3.5s)
2023-05-03 06:14:41 [INFO ] [e150/200 s110726] TR (n=123711) l=0.4621 a=84.5 f1=79.6 (54.9s)| VA (n=34390) l=0.5419 a=77.8, f1=62.3 (4.6s) | TE (n=36004) l=0.6709 a=76.4, f1=63.1 (3.2s)
2023-05-03 06:14:41 [INFO ] >> Confusion Matrix
2023-05-03 06:14:41 [INFO ] [[ 9349   720    89     0   207]
 [  761  2349   983     0   358]
 [   27  1324 11591     0   787]
 [    0    81  1935   247    71]
 [   74   473   605     0  3973]]
2023-05-03 06:15:45 [INFO ] [e151/200 s111476] TR (n=123709) l=0.4713 a=84.4 f1=79.9 (56.0s)| VA (n=34390) l=0.9722 a=74.6, f1=64.4 (4.6s) | TE (n=36004) l=0.9226 a=73.5, f1=63.2 (3.6s)
2023-05-03 06:16:49 [INFO ] [e152/200 s112220] TR (n=123700) l=0.5052 a=84.7 f1=80.1 (54.7s)| VA (n=34390) l=1.4528 a=58.8, f1=57.3 (4.9s) | TE (n=36004) l=1.0138 a=62.8, f1=59.4 (3.4s)
2023-05-03 06:17:54 [INFO ] [e153/200 s112966] TR (n=123679) l=0.4920 a=84.4 f1=79.6 (57.1s)| VA (n=34390) l=0.9249 a=68.9, f1=60.6 (4.5s) | TE (n=36004) l=0.8985 a=66.7, f1=62.0 (3.6s)
2023-05-03 06:18:55 [INFO ] [e154/200 s113707] TR (n=123694) l=0.4601 a=84.4 f1=79.6 (52.4s)| VA (n=34390) l=0.4748 a=83.1, f1=76.7 (4.5s) | TE (n=36004) l=0.7057 a=79.2, f1=72.8 (3.2s)
2023-05-03 06:19:52 [INFO ] [e155/200 s114421] TR (n=123711) l=0.4954 a=84.4 f1=79.4 (48.6s)| VA (n=34390) l=1.1514 a=65.1, f1=54.8 (4.4s) | TE (n=36004) l=1.0026 a=69.2, f1=57.9 (3.2s)
2023-05-03 06:20:52 [INFO ] [e156/200 s115184] TR (n=123695) l=0.4917 a=84.6 f1=79.9 (52.0s)| VA (n=34390) l=0.8630 a=73.3, f1=63.6 (4.7s) | TE (n=36004) l=0.8723 a=73.8, f1=63.8 (3.3s)
2023-05-03 06:21:52 [INFO ] [e157/200 s115943] TR (n=123716) l=0.4828 a=84.8 f1=80.2 (52.3s)| VA (n=34390) l=0.5443 a=79.3, f1=69.5 (4.5s) | TE (n=36004) l=0.7421 a=76.9, f1=66.3 (3.2s)
2023-05-03 06:22:52 [INFO ] [e158/200 s116689] TR (n=123677) l=0.4651 a=84.3 f1=79.3 (51.5s)| VA (n=34390) l=0.4970 a=81.5, f1=74.8 (4.5s) | TE (n=36004) l=0.7459 a=77.2, f1=71.6 (3.2s)
2023-05-03 06:23:50 [INFO ] [e159/200 s117423] TR (n=123693) l=0.4930 a=84.6 f1=80.0 (49.9s)| VA (n=34390) l=0.6391 a=77.5, f1=69.7 (4.6s) | TE (n=36004) l=0.6807 a=77.1, f1=67.7 (3.2s)
2023-05-03 06:24:46 [INFO ] [e160/200 s118129] TR (n=123717) l=0.4600 a=84.6 f1=80.1 (48.0s)| VA (n=34390) l=0.6550 a=78.5, f1=73.3 (4.4s) | TE (n=36004) l=0.6914 a=77.6, f1=74.2 (3.2s)
2023-05-03 06:25:47 [INFO ] [e161/200 s118888] TR (n=123689) l=0.4823 a=84.4 f1=79.8 (52.4s)| VA (n=34390) l=0.4905 a=81.2, f1=74.0 (4.5s) | TE (n=36004) l=0.8301 a=73.2, f1=67.3 (3.2s)
2023-05-03 06:26:44 [INFO ] [e162/200 s119609] TR (n=123707) l=0.4495 a=85.3 f1=80.7 (49.4s)| VA (n=34390) l=0.6991 a=76.3, f1=73.3 (4.5s) | TE (n=36004) l=0.7576 a=75.5, f1=70.7 (3.2s)
2023-05-03 06:27:45 [INFO ] [e163/200 s120372] TR (n=123709) l=0.4530 a=85.1 f1=80.7 (52.2s)| VA (n=34390) l=0.6348 a=78.8, f1=71.9 (4.6s) | TE (n=36004) l=0.7454 a=74.4, f1=69.0 (3.3s)
2023-05-03 06:28:42 [INFO ] [e164/200 s121085] TR (n=123688) l=0.5043 a=84.2 f1=79.5 (48.8s)| VA (n=34390) l=0.7856 a=75.3, f1=70.4 (4.5s) | TE (n=36004) l=0.7811 a=74.5, f1=70.8 (3.2s)
2023-05-03 06:29:42 [INFO ] [e165/200 s121837] TR (n=123699) l=0.5295 a=84.4 f1=79.7 (51.1s)| VA (n=34390) l=0.4603 a=82.3, f1=74.6 (4.7s) | TE (n=36004) l=0.7517 a=77.8, f1=70.3 (3.2s)
2023-05-03 06:30:42 [INFO ] [e166/200 s122601] TR (n=123698) l=0.4778 a=84.6 f1=79.9 (52.0s)| VA (n=34390) l=0.4351 a=83.8, f1=78.6 (4.5s) | TE (n=36004) l=0.6188 a=80.1, f1=76.0 (3.2s)
2023-05-03 06:31:39 [INFO ] [e167/200 s123317] TR (n=123689) l=0.4802 a=84.8 f1=80.2 (49.3s)| VA (n=34390) l=1.2642 a=65.7, f1=62.8 (4.5s) | TE (n=36004) l=0.9660 a=69.6, f1=64.6 (3.2s)
2023-05-03 06:32:50 [INFO ] [e168/200 s124038] TR (n=123731) l=0.4708 a=84.6 f1=79.9 (49.9s)| VA (n=34390) l=0.4685 a=79.9, f1=74.1 (5.6s) | TE (n=36004) l=0.8011 a=74.5, f1=66.9 (3.3s)
2023-05-03 06:33:50 [INFO ] [e169/200 s124805] TR (n=123718) l=0.4951 a=84.7 f1=80.2 (52.2s)| VA (n=34390) l=1.4565 a=58.1, f1=43.3 (4.4s) | TE (n=36004) l=1.2396 a=59.1, f1=46.0 (3.1s)
2023-05-03 06:34:49 [INFO ] [e170/200 s125552] TR (n=123706) l=0.4710 a=85.0 f1=80.3 (50.7s)| VA (n=34390) l=0.8792 a=67.6, f1=58.4 (5.0s) | TE (n=36004) l=1.0250 a=64.0, f1=57.0 (3.3s)
2023-05-03 06:35:56 [INFO ] [e171/200 s126305] TR (n=123693) l=0.4768 a=84.7 f1=80.2 (55.3s)| VA (n=34390) l=0.5309 a=80.9, f1=75.4 (6.1s) | TE (n=36004) l=0.6902 a=79.0, f1=73.8 (4.6s)
2023-05-03 06:37:04 [INFO ] [e172/200 s127055] TR (n=123717) l=0.5103 a=84.9 f1=80.5 (58.4s)| VA (n=34390) l=0.7759 a=72.3, f1=58.3 (4.8s) | TE (n=36004) l=1.0560 a=71.5, f1=57.4 (3.5s)
2023-05-03 06:38:11 [INFO ] [e173/200 s127807] TR (n=123700) l=0.5019 a=84.8 f1=80.1 (58.4s)| VA (n=34390) l=0.7614 a=76.6, f1=71.0 (4.9s) | TE (n=36004) l=0.9099 a=72.8, f1=67.7 (3.4s)
2023-05-03 06:39:16 [INFO ] [e174/200 s128570] TR (n=123697) l=0.4822 a=85.0 f1=80.4 (56.1s)| VA (n=34390) l=0.4719 a=83.3, f1=76.2 (4.8s) | TE (n=36004) l=0.7349 a=77.7, f1=71.5 (3.4s)
2023-05-03 06:40:21 [INFO ] [e175/200 s129310] TR (n=123681) l=0.4763 a=85.1 f1=80.7 (54.9s)| VA (n=34390) l=1.7147 a=57.9, f1=56.7 (5.6s) | TE (n=36004) l=1.0595 a=66.3, f1=62.3 (3.6s)
2023-05-03 06:41:25 [INFO ] [e176/200 s130047] TR (n=123706) l=0.4410 a=85.3 f1=81.0 (54.5s)| VA (n=34390) l=0.5071 a=83.3, f1=76.2 (5.5s) | TE (n=36004) l=0.7479 a=79.5, f1=73.2 (3.4s)
2023-05-03 06:42:29 [INFO ] [e177/200 s130789] TR (n=123693) l=0.5309 a=84.7 f1=80.2 (54.5s)| VA (n=34390) l=0.8817 a=76.1, f1=67.1 (4.9s) | TE (n=36004) l=1.0086 a=74.9, f1=66.9 (4.4s)
2023-05-03 06:43:33 [INFO ] [e178/200 s131541] TR (n=123701) l=0.4814 a=85.0 f1=80.6 (54.9s)| VA (n=34390) l=1.1624 a=71.8, f1=67.0 (4.7s) | TE (n=36004) l=0.9116 a=74.0, f1=69.0 (3.4s)
2023-05-03 06:44:36 [INFO ] [e179/200 s132277] TR (n=123696) l=0.4822 a=85.2 f1=80.6 (54.2s)| VA (n=34390) l=0.6246 a=76.4, f1=66.7 (4.8s) | TE (n=36004) l=1.0332 a=74.8, f1=67.3 (3.4s)
2023-05-03 06:45:38 [INFO ] [e180/200 s133007] TR (n=123709) l=0.4795 a=84.7 f1=80.2 (54.0s)| VA (n=34390) l=0.4909 a=82.6, f1=76.4 (4.9s) | TE (n=36004) l=0.6712 a=79.6, f1=74.2 (3.4s)
2023-05-03 06:46:42 [INFO ] [e181/200 s133747] TR (n=123673) l=0.4428 a=85.3 f1=80.9 (54.8s)| VA (n=34390) l=0.5479 a=80.8, f1=76.4 (4.7s) | TE (n=36004) l=0.6526 a=78.9, f1=74.2 (3.4s)
2023-05-03 06:47:45 [INFO ] [e182/200 s134489] TR (n=123708) l=0.4637 a=84.7 f1=80.2 (54.7s)| VA (n=34390) l=0.9036 a=70.1, f1=54.1 (4.9s) | TE (n=36004) l=0.8597 a=71.2, f1=57.1 (3.3s)
2023-05-03 06:48:48 [INFO ] [e183/200 s135203] TR (n=123731) l=0.5121 a=85.1 f1=80.7 (52.2s)| VA (n=34390) l=0.5864 a=79.0, f1=73.9 (5.7s) | TE (n=36004) l=0.8088 a=72.6, f1=67.9 (4.0s)
2023-05-03 06:49:54 [INFO ] [e184/200 s135935] TR (n=123724) l=0.5054 a=84.9 f1=80.5 (55.4s)| VA (n=34390) l=0.4733 a=82.3, f1=75.7 (6.4s) | TE (n=36004) l=0.6624 a=76.8, f1=70.8 (3.7s)
2023-05-03 06:51:01 [INFO ] [e185/200 s136695] TR (n=123706) l=0.4610 a=85.1 f1=80.5 (56.2s)| VA (n=34390) l=0.4710 a=80.8, f1=74.3 (5.6s) | TE (n=36004) l=0.6779 a=76.6, f1=69.1 (3.6s)
2023-05-03 06:52:12 [INFO ] [e186/200 s137444] TR (n=123683) l=0.4626 a=85.0 f1=80.6 (60.6s)| VA (n=34390) l=0.5512 a=79.3, f1=72.5 (5.8s) | TE (n=36004) l=0.7882 a=74.3, f1=69.0 (4.6s)
2023-05-03 06:53:21 [INFO ] [e187/200 s138196] TR (n=123715) l=0.4700 a=84.8 f1=80.2 (56.6s)| VA (n=34390) l=0.4776 a=82.2, f1=76.4 (4.7s) | TE (n=36004) l=0.6929 a=77.3, f1=71.8 (3.4s)
2023-05-03 06:54:28 [INFO ] [e188/200 s138928] TR (n=123690) l=0.4540 a=85.2 f1=80.9 (55.6s)| VA (n=34390) l=0.5583 a=82.3, f1=73.5 (6.4s) | TE (n=36004) l=0.7985 a=78.3, f1=68.3 (5.1s)
2023-05-03 06:55:37 [INFO ] [e189/200 s139685] TR (n=123728) l=0.4722 a=85.2 f1=80.6 (57.1s)| VA (n=34390) l=0.5163 a=83.2, f1=77.8 (6.0s) | TE (n=36004) l=0.6377 a=80.6, f1=75.9 (4.1s)
2023-05-03 06:56:45 [INFO ] [e190/200 s140436] TR (n=123693) l=0.4911 a=85.3 f1=81.0 (57.8s)| VA (n=34390) l=0.5539 a=81.6, f1=73.4 (6.1s) | TE (n=36004) l=0.7183 a=78.7, f1=71.6 (3.6s)
2023-05-03 06:57:53 [INFO ] [e191/200 s141157] TR (n=123709) l=0.4546 a=85.5 f1=81.2 (54.9s)| VA (n=34390) l=0.5244 a=82.4, f1=75.9 (6.3s) | TE (n=36004) l=0.6429 a=80.1, f1=74.7 (5.4s)
2023-05-03 06:59:05 [INFO ] [e192/200 s141902] TR (n=123716) l=0.4696 a=85.3 f1=80.9 (58.2s)| VA (n=34390) l=0.5387 a=81.0, f1=75.1 (7.0s) | TE (n=36004) l=0.7126 a=76.5, f1=71.6 (5.0s)
2023-05-03 07:00:19 [INFO ] [e193/200 s142659] TR (n=123690) l=0.4622 a=85.1 f1=80.6 (58.8s)| VA (n=34390) l=0.5582 a=80.5, f1=75.2 (6.6s) | TE (n=36004) l=0.6530 a=79.4, f1=75.5 (5.5s)
2023-05-03 07:01:45 [INFO ] [e194/200 s143407] TR (n=123707) l=0.4383 a=85.7 f1=81.4 (71.9s)| VA (n=34390) l=0.5290 a=82.0, f1=73.3 (6.9s) | TE (n=36004) l=0.6754 a=78.4, f1=68.6 (5.5s)
2023-05-03 07:02:59 [INFO ] [e195/200 s144122] TR (n=123706) l=0.4700 a=85.3 f1=80.9 (60.0s)| VA (n=34390) l=0.7467 a=73.6, f1=68.7 (5.7s) | TE (n=36004) l=0.9918 a=67.0, f1=63.2 (4.1s)
2023-05-03 07:04:11 [INFO ] [e196/200 s144855] TR (n=123696) l=0.4616 a=85.3 f1=81.2 (61.0s)| VA (n=34390) l=0.4626 a=84.4, f1=78.4 (5.5s) | TE (n=36004) l=0.6769 a=79.8, f1=74.0 (3.9s)
2023-05-03 07:05:23 [INFO ] [e197/200 s145586] TR (n=123693) l=0.4810 a=85.3 f1=81.0 (62.3s)| VA (n=34390) l=0.5906 a=80.4, f1=75.1 (5.4s) | TE (n=36004) l=0.7717 a=75.6, f1=70.7 (3.9s)
2023-05-03 07:06:36 [INFO ] [e198/200 s146330] TR (n=123716) l=0.4413 a=85.3 f1=81.1 (62.3s)| VA (n=34390) l=0.5547 a=81.7, f1=75.8 (5.5s) | TE (n=36004) l=0.6896 a=79.9, f1=74.7 (4.0s)
2023-05-03 07:07:48 [INFO ] [e199/200 s147074] TR (n=123702) l=0.4484 a=85.3 f1=81.0 (62.2s)| VA (n=34390) l=0.5499 a=79.7, f1=74.4 (5.4s) | TE (n=36004) l=0.7290 a=75.8, f1=70.2 (3.9s)
2023-05-03 07:09:01 [INFO ] [e200/200 s147813] TR (n=123681) l=0.4540 a=85.0 f1=80.8 (62.0s)| VA (n=34390) l=2.0370 a=52.5, f1=54.9 (5.6s) | TE (n=36004) l=1.2597 a=62.8, f1=61.6 (4.5s)
2023-05-03 07:09:01 [INFO ] >> Confusion Matrix
2023-05-03 07:09:01 [INFO ] [[5954  879  145    9 3378]
 [ 306 2014 1008    4 1119]
 [  16 1289 9023  152 3249]
 [   0   13  872 1379   70]
 [  10  366  517    1 4231]]
2023-05-03 07:09:03 [INFO ] Training set (n_night_sleeps=98)
2023-05-03 07:09:03 [INFO ] (1929, 3000, 1, 1)
2023-05-03 07:09:03 [INFO ] (1016, 3000, 1, 1)
2023-05-03 07:09:03 [INFO ] (1605, 3000, 1, 1)
2023-05-03 07:09:03 [INFO ] (1175, 3000, 1, 1)
2023-05-03 07:09:03 [INFO ] (952, 3000, 1, 1)
2023-05-03 07:09:03 [INFO ] (963, 3000, 1, 1)
2023-05-03 07:09:03 [INFO ] (924, 3000, 1, 1)
2023-05-03 07:09:03 [INFO ] (1148, 3000, 1, 1)
2023-05-03 07:09:03 [INFO ] (1090, 3000, 1, 1)
2023-05-03 07:09:03 [INFO ] (1056, 3000, 1, 1)
2023-05-03 07:09:03 [INFO ] (854, 3000, 1, 1)
2023-05-03 07:09:03 [INFO ] (841, 3000, 1, 1)
2023-05-03 07:09:03 [INFO ] (1052, 3000, 1, 1)
2023-05-03 07:09:03 [INFO ] (1888, 3000, 1, 1)
2023-05-03 07:09:03 [INFO ] (1673, 3000, 1, 1)
2023-05-03 07:09:03 [INFO ] (1025, 3000, 1, 1)
2023-05-03 07:09:03 [INFO ] (1183, 3000, 1, 1)
2023-05-03 07:09:03 [INFO ] (1054, 3000, 1, 1)
2023-05-03 07:09:03 [INFO ] (1049, 3000, 1, 1)
2023-05-03 07:09:03 [INFO ] (1200, 3000, 1, 1)
2023-05-03 07:09:03 [INFO ] (1021, 3000, 1, 1)
2023-05-03 07:09:03 [INFO ] (1022, 3000, 1, 1)
2023-05-03 07:09:03 [INFO ] (954, 3000, 1, 1)
2023-05-03 07:09:03 [INFO ] (1509, 3000, 1, 1)
2023-05-03 07:09:03 [INFO ] (962, 3000, 1, 1)
2023-05-03 07:09:03 [INFO ] (1099, 3000, 1, 1)
2023-05-03 07:09:03 [INFO ] (2027, 3000, 1, 1)
2023-05-03 07:09:03 [INFO ] (1078, 3000, 1, 1)
2023-05-03 07:09:03 [INFO ] (976, 3000, 1, 1)
2023-05-03 07:09:03 [INFO ] (929, 3000, 1, 1)
2023-05-03 07:09:03 [INFO ] (843, 3000, 1, 1)
2023-05-03 07:09:03 [INFO ] (1004, 3000, 1, 1)
2023-05-03 07:09:03 [INFO ] (1095, 3000, 1, 1)
2023-05-03 07:09:03 [INFO ] (1312, 3000, 1, 1)
2023-05-03 07:09:03 [INFO ] (977, 3000, 1, 1)
2023-05-03 07:09:03 [INFO ] (1241, 3000, 1, 1)
2023-05-03 07:09:03 [INFO ] (1293, 3000, 1, 1)
2023-05-03 07:09:03 [INFO ] (2318, 3000, 1, 1)
2023-05-03 07:09:03 [INFO ] (1092, 3000, 1, 1)
2023-05-03 07:09:03 [INFO ] (1009, 3000, 1, 1)
2023-05-03 07:09:03 [INFO ] (1087, 3000, 1, 1)
2023-05-03 07:09:03 [INFO ] (699, 3000, 1, 1)
2023-05-03 07:09:03 [INFO ] (1022, 3000, 1, 1)
2023-05-03 07:09:03 [INFO ] (2044, 3000, 1, 1)
2023-05-03 07:09:03 [INFO ] (972, 3000, 1, 1)
2023-05-03 07:09:03 [INFO ] (1366, 3000, 1, 1)
2023-05-03 07:09:03 [INFO ] (1103, 3000, 1, 1)
2023-05-03 07:09:03 [INFO ] (1445, 3000, 1, 1)
2023-05-03 07:09:03 [INFO ] (1095, 3000, 1, 1)
2023-05-03 07:09:03 [INFO ] (1729, 3000, 1, 1)
2023-05-03 07:09:03 [INFO ] (1072, 3000, 1, 1)
2023-05-03 07:09:03 [INFO ] (1871, 3000, 1, 1)
2023-05-03 07:09:03 [INFO ] (1181, 3000, 1, 1)
2023-05-03 07:09:03 [INFO ] (980, 3000, 1, 1)
2023-05-03 07:09:03 [INFO ] (1070, 3000, 1, 1)
2023-05-03 07:09:03 [INFO ] (1762, 3000, 1, 1)
2023-05-03 07:09:03 [INFO ] (2662, 3000, 1, 1)
2023-05-03 07:09:03 [INFO ] (1231, 3000, 1, 1)
2023-05-03 07:09:03 [INFO ] (1103, 3000, 1, 1)
2023-05-03 07:09:03 [INFO ] (2161, 3000, 1, 1)
2023-05-03 07:09:03 [INFO ] (884, 3000, 1, 1)
2023-05-03 07:09:03 [INFO ] (1090, 3000, 1, 1)
2023-05-03 07:09:03 [INFO ] (808, 3000, 1, 1)
2023-05-03 07:09:03 [INFO ] (1063, 3000, 1, 1)
2023-05-03 07:09:03 [INFO ] (1105, 3000, 1, 1)
2023-05-03 07:09:03 [INFO ] (1773, 3000, 1, 1)
2023-05-03 07:09:03 [INFO ] (1994, 3000, 1, 1)
2023-05-03 07:09:03 [INFO ] (1246, 3000, 1, 1)
2023-05-03 07:09:03 [INFO ] (1968, 3000, 1, 1)
2023-05-03 07:09:03 [INFO ] (1031, 3000, 1, 1)
2023-05-03 07:09:03 [INFO ] (928, 3000, 1, 1)
2023-05-03 07:09:03 [INFO ] (1349, 3000, 1, 1)
2023-05-03 07:09:03 [INFO ] (952, 3000, 1, 1)
2023-05-03 07:09:03 [INFO ] (1324, 3000, 1, 1)
2023-05-03 07:09:03 [INFO ] (1020, 3000, 1, 1)
2023-05-03 07:09:03 [INFO ] (1704, 3000, 1, 1)
2023-05-03 07:09:03 [INFO ] (1535, 3000, 1, 1)
2023-05-03 07:09:03 [INFO ] (976, 3000, 1, 1)
2023-05-03 07:09:03 [INFO ] (1840, 3000, 1, 1)
2023-05-03 07:09:03 [INFO ] (1683, 3000, 1, 1)
2023-05-03 07:09:03 [INFO ] (1501, 3000, 1, 1)
2023-05-03 07:09:03 [INFO ] (1064, 3000, 1, 1)
2023-05-03 07:09:03 [INFO ] (904, 3000, 1, 1)
2023-05-03 07:09:03 [INFO ] (1236, 3000, 1, 1)
2023-05-03 07:09:03 [INFO ] (1776, 3000, 1, 1)
2023-05-03 07:09:03 [INFO ] (1208, 3000, 1, 1)
2023-05-03 07:09:03 [INFO ] (1002, 3000, 1, 1)
2023-05-03 07:09:03 [INFO ] (1101, 3000, 1, 1)
2023-05-03 07:09:03 [INFO ] (2026, 3000, 1, 1)
2023-05-03 07:09:03 [INFO ] (1187, 3000, 1, 1)
2023-05-03 07:09:03 [INFO ] (1326, 3000, 1, 1)
2023-05-03 07:09:03 [INFO ] (1578, 3000, 1, 1)
2023-05-03 07:09:03 [INFO ] (1047, 3000, 1, 1)
2023-05-03 07:09:03 [INFO ] (785, 3000, 1, 1)
2023-05-03 07:09:03 [INFO ] (802, 3000, 1, 1)
2023-05-03 07:09:03 [INFO ] (1130, 3000, 1, 1)
2023-05-03 07:09:03 [INFO ] (911, 3000, 1, 1)
2023-05-03 07:09:03 [INFO ] (2043, 3000, 1, 1)
2023-05-03 07:09:03 [INFO ] W: 42044
2023-05-03 07:09:03 [INFO ] N1: 13561
2023-05-03 07:09:03 [INFO ] N2: 43065
2023-05-03 07:09:03 [INFO ] N3: 8324
2023-05-03 07:09:03 [INFO ] REM: 16999
2023-05-03 07:09:03 [INFO ] Validation set (n_night_sleeps=24)
2023-05-03 07:09:03 [INFO ] (920, 3000, 1, 1)
2023-05-03 07:09:03 [INFO ] (1910, 3000, 1, 1)
2023-05-03 07:09:03 [INFO ] (1104, 3000, 1, 1)
2023-05-03 07:09:03 [INFO ] (2667, 3000, 1, 1)
2023-05-03 07:09:03 [INFO ] (1096, 3000, 1, 1)
2023-05-03 07:09:03 [INFO ] (1131, 3000, 1, 1)
2023-05-03 07:09:03 [INFO ] (2644, 3000, 1, 1)
2023-05-03 07:09:03 [INFO ] (964, 3000, 1, 1)
2023-05-03 07:09:03 [INFO ] (1775, 3000, 1, 1)
2023-05-03 07:09:03 [INFO ] (1127, 3000, 1, 1)
2023-05-03 07:09:03 [INFO ] (1062, 3000, 1, 1)
2023-05-03 07:09:03 [INFO ] (1716, 3000, 1, 1)
2023-05-03 07:09:03 [INFO ] (1134, 3000, 1, 1)
2023-05-03 07:09:03 [INFO ] (1235, 3000, 1, 1)
2023-05-03 07:09:03 [INFO ] (1325, 3000, 1, 1)
2023-05-03 07:09:03 [INFO ] (1028, 3000, 1, 1)
2023-05-03 07:09:03 [INFO ] (1717, 3000, 1, 1)
2023-05-03 07:09:03 [INFO ] (2049, 3000, 1, 1)
2023-05-03 07:09:03 [INFO ] (1515, 3000, 1, 1)
2023-05-03 07:09:03 [INFO ] (1127, 3000, 1, 1)
2023-05-03 07:09:03 [INFO ] (2210, 3000, 1, 1)
2023-05-03 07:09:03 [INFO ] (672, 3000, 1, 1)
2023-05-03 07:09:03 [INFO ] (1021, 3000, 1, 1)
2023-05-03 07:09:03 [INFO ] (1241, 3000, 1, 1)
2023-05-03 07:09:03 [INFO ] W: 13260
2023-05-03 07:09:03 [INFO ] N1: 3418
2023-05-03 07:09:03 [INFO ] N2: 11808
2023-05-03 07:09:03 [INFO ] N3: 2289
2023-05-03 07:09:03 [INFO ] REM: 3615
2023-05-03 07:09:03 [INFO ] Test set (n_night_sleeps=30)
2023-05-03 07:09:03 [INFO ] (1108, 3000, 1, 1)
2023-05-03 07:09:03 [INFO ] (1063, 3000, 1, 1)
2023-05-03 07:09:03 [INFO ] (1413, 3000, 1, 1)
2023-05-03 07:09:03 [INFO ] (1652, 3000, 1, 1)
2023-05-03 07:09:03 [INFO ] (1003, 3000, 1, 1)
2023-05-03 07:09:03 [INFO ] (1021, 3000, 1, 1)
2023-05-03 07:09:03 [INFO ] (1148, 3000, 1, 1)
2023-05-03 07:09:03 [INFO ] (1237, 3000, 1, 1)
2023-05-03 07:09:03 [INFO ] (1052, 3000, 1, 1)
2023-05-03 07:09:03 [INFO ] (1107, 3000, 1, 1)
2023-05-03 07:09:03 [INFO ] (983, 3000, 1, 1)
2023-05-03 07:09:03 [INFO ] (1560, 3000, 1, 1)
2023-05-03 07:09:03 [INFO ] (918, 3000, 1, 1)
2023-05-03 07:09:03 [INFO ] (1144, 3000, 1, 1)
2023-05-03 07:09:03 [INFO ] (1582, 3000, 1, 1)
2023-05-03 07:09:03 [INFO ] (1166, 3000, 1, 1)
2023-05-03 07:09:03 [INFO ] (997, 3000, 1, 1)
2023-05-03 07:09:03 [INFO ] (1273, 3000, 1, 1)
2023-05-03 07:09:03 [INFO ] (1274, 3000, 1, 1)
2023-05-03 07:09:03 [INFO ] (824, 3000, 1, 1)
2023-05-03 07:09:03 [INFO ] (1040, 3000, 1, 1)
2023-05-03 07:09:03 [INFO ] (1229, 3000, 1, 1)
2023-05-03 07:09:03 [INFO ] (1195, 3000, 1, 1)
2023-05-03 07:09:03 [INFO ] (1823, 3000, 1, 1)
2023-05-03 07:09:03 [INFO ] (1186, 3000, 1, 1)
2023-05-03 07:09:03 [INFO ] (1271, 3000, 1, 1)
2023-05-03 07:09:03 [INFO ] (952, 3000, 1, 1)
2023-05-03 07:09:03 [INFO ] (1597, 3000, 1, 1)
2023-05-03 07:09:03 [INFO ] (1054, 3000, 1, 1)
2023-05-03 07:09:03 [INFO ] (1132, 3000, 1, 1)
2023-05-03 07:09:03 [INFO ] W: 10365
2023-05-03 07:09:03 [INFO ] N1: 4451
2023-05-03 07:09:03 [INFO ] N2: 13729
2023-05-03 07:09:03 [INFO ] N3: 2334
2023-05-03 07:09:03 [INFO ] REM: 5125
2023-05-03 07:09:03 [INFO ]   Weighted cross entropy: True
2023-05-03 07:09:03 [INFO ]   Weighted cross entropy: [1.  1.5 1.  1.  1. ]
2023-05-03 07:09:03 [INFO ] using device 1
2023-05-03 07:09:03 [INFO ] Data Augmentation
2023-05-03 07:09:03 [INFO ]   Sequence: True
2023-05-03 07:09:03 [INFO ]   Signal full: True
