2023-05-14 15:03:38 [INFO ] Training set (n_night_sleeps=98)
2023-05-14 15:03:38 [INFO ] (1929, 3000, 1, 1)
2023-05-14 15:03:38 [INFO ] (1016, 3000, 1, 1)
2023-05-14 15:03:38 [INFO ] (1605, 3000, 1, 1)
2023-05-14 15:03:38 [INFO ] (1175, 3000, 1, 1)
2023-05-14 15:03:38 [INFO ] (952, 3000, 1, 1)
2023-05-14 15:03:38 [INFO ] (963, 3000, 1, 1)
2023-05-14 15:03:38 [INFO ] (924, 3000, 1, 1)
2023-05-14 15:03:38 [INFO ] (1148, 3000, 1, 1)
2023-05-14 15:03:38 [INFO ] (1090, 3000, 1, 1)
2023-05-14 15:03:38 [INFO ] (1056, 3000, 1, 1)
2023-05-14 15:03:38 [INFO ] (854, 3000, 1, 1)
2023-05-14 15:03:38 [INFO ] (841, 3000, 1, 1)
2023-05-14 15:03:38 [INFO ] (1052, 3000, 1, 1)
2023-05-14 15:03:38 [INFO ] (1888, 3000, 1, 1)
2023-05-14 15:03:38 [INFO ] (1673, 3000, 1, 1)
2023-05-14 15:03:38 [INFO ] (1025, 3000, 1, 1)
2023-05-14 15:03:38 [INFO ] (1183, 3000, 1, 1)
2023-05-14 15:03:38 [INFO ] (1054, 3000, 1, 1)
2023-05-14 15:03:38 [INFO ] (1049, 3000, 1, 1)
2023-05-14 15:03:38 [INFO ] (1200, 3000, 1, 1)
2023-05-14 15:03:38 [INFO ] (1021, 3000, 1, 1)
2023-05-14 15:03:38 [INFO ] (1022, 3000, 1, 1)
2023-05-14 15:03:38 [INFO ] (954, 3000, 1, 1)
2023-05-14 15:03:38 [INFO ] (1509, 3000, 1, 1)
2023-05-14 15:03:38 [INFO ] (962, 3000, 1, 1)
2023-05-14 15:03:38 [INFO ] (1099, 3000, 1, 1)
2023-05-14 15:03:38 [INFO ] (2027, 3000, 1, 1)
2023-05-14 15:03:38 [INFO ] (1078, 3000, 1, 1)
2023-05-14 15:03:38 [INFO ] (976, 3000, 1, 1)
2023-05-14 15:03:38 [INFO ] (929, 3000, 1, 1)
2023-05-14 15:03:38 [INFO ] (843, 3000, 1, 1)
2023-05-14 15:03:38 [INFO ] (1004, 3000, 1, 1)
2023-05-14 15:03:38 [INFO ] (1095, 3000, 1, 1)
2023-05-14 15:03:38 [INFO ] (1312, 3000, 1, 1)
2023-05-14 15:03:38 [INFO ] (977, 3000, 1, 1)
2023-05-14 15:03:38 [INFO ] (1241, 3000, 1, 1)
2023-05-14 15:03:38 [INFO ] (1293, 3000, 1, 1)
2023-05-14 15:03:38 [INFO ] (2318, 3000, 1, 1)
2023-05-14 15:03:38 [INFO ] (1092, 3000, 1, 1)
2023-05-14 15:03:38 [INFO ] (1009, 3000, 1, 1)
2023-05-14 15:03:38 [INFO ] (1087, 3000, 1, 1)
2023-05-14 15:03:38 [INFO ] (699, 3000, 1, 1)
2023-05-14 15:03:38 [INFO ] (1022, 3000, 1, 1)
2023-05-14 15:03:38 [INFO ] (2044, 3000, 1, 1)
2023-05-14 15:03:38 [INFO ] (972, 3000, 1, 1)
2023-05-14 15:03:38 [INFO ] (1366, 3000, 1, 1)
2023-05-14 15:03:38 [INFO ] (1103, 3000, 1, 1)
2023-05-14 15:03:38 [INFO ] (1445, 3000, 1, 1)
2023-05-14 15:03:38 [INFO ] (1095, 3000, 1, 1)
2023-05-14 15:03:38 [INFO ] (1729, 3000, 1, 1)
2023-05-14 15:03:38 [INFO ] (1072, 3000, 1, 1)
2023-05-14 15:03:38 [INFO ] (1871, 3000, 1, 1)
2023-05-14 15:03:38 [INFO ] (1181, 3000, 1, 1)
2023-05-14 15:03:38 [INFO ] (980, 3000, 1, 1)
2023-05-14 15:03:38 [INFO ] (1070, 3000, 1, 1)
2023-05-14 15:03:38 [INFO ] (1762, 3000, 1, 1)
2023-05-14 15:03:38 [INFO ] (2662, 3000, 1, 1)
2023-05-14 15:03:38 [INFO ] (1231, 3000, 1, 1)
2023-05-14 15:03:38 [INFO ] (1103, 3000, 1, 1)
2023-05-14 15:03:38 [INFO ] (2161, 3000, 1, 1)
2023-05-14 15:03:38 [INFO ] (884, 3000, 1, 1)
2023-05-14 15:03:38 [INFO ] (1090, 3000, 1, 1)
2023-05-14 15:03:38 [INFO ] (808, 3000, 1, 1)
2023-05-14 15:03:38 [INFO ] (1063, 3000, 1, 1)
2023-05-14 15:03:38 [INFO ] (1105, 3000, 1, 1)
2023-05-14 15:03:38 [INFO ] (1773, 3000, 1, 1)
2023-05-14 15:03:38 [INFO ] (1994, 3000, 1, 1)
2023-05-14 15:03:38 [INFO ] (1246, 3000, 1, 1)
2023-05-14 15:03:38 [INFO ] (1968, 3000, 1, 1)
2023-05-14 15:03:38 [INFO ] (1031, 3000, 1, 1)
2023-05-14 15:03:38 [INFO ] (928, 3000, 1, 1)
2023-05-14 15:03:38 [INFO ] (1349, 3000, 1, 1)
2023-05-14 15:03:38 [INFO ] (952, 3000, 1, 1)
2023-05-14 15:03:38 [INFO ] (1324, 3000, 1, 1)
2023-05-14 15:03:38 [INFO ] (1020, 3000, 1, 1)
2023-05-14 15:03:38 [INFO ] (1704, 3000, 1, 1)
2023-05-14 15:03:38 [INFO ] (1535, 3000, 1, 1)
2023-05-14 15:03:38 [INFO ] (976, 3000, 1, 1)
2023-05-14 15:03:38 [INFO ] (1840, 3000, 1, 1)
2023-05-14 15:03:38 [INFO ] (1683, 3000, 1, 1)
2023-05-14 15:03:38 [INFO ] (1501, 3000, 1, 1)
2023-05-14 15:03:38 [INFO ] (1064, 3000, 1, 1)
2023-05-14 15:03:38 [INFO ] (904, 3000, 1, 1)
2023-05-14 15:03:38 [INFO ] (1236, 3000, 1, 1)
2023-05-14 15:03:38 [INFO ] (1776, 3000, 1, 1)
2023-05-14 15:03:38 [INFO ] (1208, 3000, 1, 1)
2023-05-14 15:03:38 [INFO ] (1002, 3000, 1, 1)
2023-05-14 15:03:38 [INFO ] (1101, 3000, 1, 1)
2023-05-14 15:03:38 [INFO ] (2026, 3000, 1, 1)
2023-05-14 15:03:38 [INFO ] (1187, 3000, 1, 1)
2023-05-14 15:03:38 [INFO ] (1326, 3000, 1, 1)
2023-05-14 15:03:38 [INFO ] (1578, 3000, 1, 1)
2023-05-14 15:03:38 [INFO ] (1047, 3000, 1, 1)
2023-05-14 15:03:38 [INFO ] (785, 3000, 1, 1)
2023-05-14 15:03:38 [INFO ] (802, 3000, 1, 1)
2023-05-14 15:03:38 [INFO ] (1130, 3000, 1, 1)
2023-05-14 15:03:38 [INFO ] (911, 3000, 1, 1)
2023-05-14 15:03:38 [INFO ] (2043, 3000, 1, 1)
2023-05-14 15:03:38 [INFO ] W: 42044
2023-05-14 15:03:38 [INFO ] N1: 13561
2023-05-14 15:03:38 [INFO ] N2: 43065
2023-05-14 15:03:38 [INFO ] N3: 8324
2023-05-14 15:03:38 [INFO ] REM: 16999
2023-05-14 15:03:38 [INFO ] Validation set (n_night_sleeps=24)
2023-05-14 15:03:38 [INFO ] (920, 3000, 1, 1)
2023-05-14 15:03:38 [INFO ] (1910, 3000, 1, 1)
2023-05-14 15:03:38 [INFO ] (1104, 3000, 1, 1)
2023-05-14 15:03:38 [INFO ] (2667, 3000, 1, 1)
2023-05-14 15:03:38 [INFO ] (1096, 3000, 1, 1)
2023-05-14 15:03:38 [INFO ] (1131, 3000, 1, 1)
2023-05-14 15:03:38 [INFO ] (2644, 3000, 1, 1)
2023-05-14 15:03:38 [INFO ] (964, 3000, 1, 1)
2023-05-14 15:03:38 [INFO ] (1775, 3000, 1, 1)
2023-05-14 15:03:38 [INFO ] (1127, 3000, 1, 1)
2023-05-14 15:03:38 [INFO ] (1062, 3000, 1, 1)
2023-05-14 15:03:38 [INFO ] (1716, 3000, 1, 1)
2023-05-14 15:03:38 [INFO ] (1134, 3000, 1, 1)
2023-05-14 15:03:38 [INFO ] (1235, 3000, 1, 1)
2023-05-14 15:03:38 [INFO ] (1325, 3000, 1, 1)
2023-05-14 15:03:38 [INFO ] (1028, 3000, 1, 1)
2023-05-14 15:03:38 [INFO ] (1717, 3000, 1, 1)
2023-05-14 15:03:38 [INFO ] (2049, 3000, 1, 1)
2023-05-14 15:03:38 [INFO ] (1515, 3000, 1, 1)
2023-05-14 15:03:38 [INFO ] (1127, 3000, 1, 1)
2023-05-14 15:03:38 [INFO ] (2210, 3000, 1, 1)
2023-05-14 15:03:38 [INFO ] (672, 3000, 1, 1)
2023-05-14 15:03:38 [INFO ] (1021, 3000, 1, 1)
2023-05-14 15:03:38 [INFO ] (1241, 3000, 1, 1)
2023-05-14 15:03:38 [INFO ] W: 13260
2023-05-14 15:03:38 [INFO ] N1: 3418
2023-05-14 15:03:38 [INFO ] N2: 11808
2023-05-14 15:03:38 [INFO ] N3: 2289
2023-05-14 15:03:38 [INFO ] REM: 3615
2023-05-14 15:03:38 [INFO ] Test set (n_night_sleeps=30)
2023-05-14 15:03:38 [INFO ] (1108, 3000, 1, 1)
2023-05-14 15:03:38 [INFO ] (1063, 3000, 1, 1)
2023-05-14 15:03:38 [INFO ] (1413, 3000, 1, 1)
2023-05-14 15:03:38 [INFO ] (1652, 3000, 1, 1)
2023-05-14 15:03:38 [INFO ] (1003, 3000, 1, 1)
2023-05-14 15:03:38 [INFO ] (1021, 3000, 1, 1)
2023-05-14 15:03:38 [INFO ] (1148, 3000, 1, 1)
2023-05-14 15:03:38 [INFO ] (1237, 3000, 1, 1)
2023-05-14 15:03:38 [INFO ] (1052, 3000, 1, 1)
2023-05-14 15:03:38 [INFO ] (1107, 3000, 1, 1)
2023-05-14 15:03:38 [INFO ] (983, 3000, 1, 1)
2023-05-14 15:03:38 [INFO ] (1560, 3000, 1, 1)
2023-05-14 15:03:38 [INFO ] (918, 3000, 1, 1)
2023-05-14 15:03:38 [INFO ] (1144, 3000, 1, 1)
2023-05-14 15:03:38 [INFO ] (1582, 3000, 1, 1)
2023-05-14 15:03:38 [INFO ] (1166, 3000, 1, 1)
2023-05-14 15:03:38 [INFO ] (997, 3000, 1, 1)
2023-05-14 15:03:38 [INFO ] (1273, 3000, 1, 1)
2023-05-14 15:03:38 [INFO ] (1274, 3000, 1, 1)
2023-05-14 15:03:38 [INFO ] (824, 3000, 1, 1)
2023-05-14 15:03:38 [INFO ] (1040, 3000, 1, 1)
2023-05-14 15:03:38 [INFO ] (1229, 3000, 1, 1)
2023-05-14 15:03:38 [INFO ] (1195, 3000, 1, 1)
2023-05-14 15:03:38 [INFO ] (1823, 3000, 1, 1)
2023-05-14 15:03:38 [INFO ] (1186, 3000, 1, 1)
2023-05-14 15:03:38 [INFO ] (1271, 3000, 1, 1)
2023-05-14 15:03:38 [INFO ] (952, 3000, 1, 1)
2023-05-14 15:03:38 [INFO ] (1597, 3000, 1, 1)
2023-05-14 15:03:38 [INFO ] (1054, 3000, 1, 1)
2023-05-14 15:03:38 [INFO ] (1132, 3000, 1, 1)
2023-05-14 15:03:38 [INFO ] W: 10365
2023-05-14 15:03:38 [INFO ] N1: 4451
2023-05-14 15:03:38 [INFO ] N2: 13729
2023-05-14 15:03:38 [INFO ] N3: 2334
2023-05-14 15:03:38 [INFO ] REM: 5125
2023-05-14 15:03:38 [INFO ]   Weighted cross entropy: True
2023-05-14 15:03:38 [INFO ]   Weighted cross entropy: [1.  1.5 1.  1.  1. ]
2023-05-14 15:03:38 [INFO ] using device 1
2023-05-14 15:03:42 [INFO ] Data Augmentation
2023-05-14 15:03:42 [INFO ]   Sequence: True
2023-05-14 15:03:42 [INFO ]   Signal full: True
2023-05-14 15:04:45 [INFO ] [e1/200 s733] TR (n=123703) l=1.3633 a=49.2 f1=26.9 (54.3s)| VA (n=34390) l=1.4499 a=44.4, f1=21.5 (4.6s) | TE (n=36004) l=1.5631 a=45.5, f1=21.3 (3.3s)
2023-05-14 15:04:45 [INFO ] Saved best checkpoint to out_sleepedf/train/0/best_ckpt/best_model.ckpt
2023-05-14 15:05:48 [INFO ] [e2/200 s1464] TR (n=123688) l=1.1047 a=59.9 f1=38.1 (54.1s)| VA (n=34390) l=0.7173 a=73.2, f1=51.1 (4.8s) | TE (n=36004) l=1.0511 a=64.1, f1=43.6 (3.5s)
2023-05-14 15:05:48 [INFO ] Saved best checkpoint to out_sleepedf/train/0/best_ckpt/best_model.ckpt
2023-05-14 15:06:52 [INFO ] [e3/200 s2216] TR (n=123706) l=1.0947 a=62.9 f1=48.7 (55.0s)| VA (n=34390) l=1.4973 a=39.8, f1=31.4 (4.7s) | TE (n=36004) l=1.3917 a=43.0, f1=34.3 (3.5s)
2023-05-14 15:07:57 [INFO ] [e4/200 s2974] TR (n=123677) l=1.0363 a=64.7 f1=51.5 (56.0s)| VA (n=34390) l=1.1696 a=52.4, f1=38.9 (5.2s) | TE (n=36004) l=1.2327 a=49.4, f1=38.1 (3.8s)
2023-05-14 15:09:03 [INFO ] [e5/200 s3735] TR (n=123713) l=0.9851 a=67.1 f1=55.7 (57.2s)| VA (n=34390) l=0.6821 a=74.6, f1=60.9 (4.7s) | TE (n=36004) l=0.8967 a=70.8, f1=60.0 (3.4s)
2023-05-14 15:09:03 [INFO ] Saved best checkpoint to out_sleepedf/train/0/best_ckpt/best_model.ckpt
2023-05-14 15:10:08 [INFO ] [e6/200 s4487] TR (n=123717) l=0.9480 a=68.5 f1=58.6 (56.3s)| VA (n=34390) l=1.5550 a=43.5, f1=20.0 (4.8s) | TE (n=36004) l=2.0881 a=33.3, f1=16.3 (3.4s)
2023-05-14 15:11:14 [INFO ] [e7/200 s5241] TR (n=123686) l=0.9396 a=69.0 f1=59.1 (56.6s)| VA (n=34390) l=0.6711 a=74.8, f1=57.5 (4.7s) | TE (n=36004) l=0.8714 a=71.1, f1=57.7 (3.3s)
2023-05-14 15:12:17 [INFO ] [e8/200 s5976] TR (n=123667) l=0.8728 a=70.3 f1=61.5 (55.1s)| VA (n=34390) l=1.0757 a=58.1, f1=43.5 (4.7s) | TE (n=36004) l=1.0301 a=61.5, f1=46.8 (3.3s)
2023-05-14 15:13:21 [INFO ] [e9/200 s6720] TR (n=123684) l=0.8671 a=71.3 f1=62.5 (55.5s)| VA (n=34390) l=0.8903 a=61.4, f1=39.1 (4.6s) | TE (n=36004) l=1.3209 a=50.5, f1=33.0 (3.3s)
2023-05-14 15:14:25 [INFO ] [e10/200 s7439] TR (n=123706) l=0.9030 a=70.8 f1=62.7 (54.8s)| VA (n=34390) l=0.5815 a=77.5, f1=62.2 (4.8s) | TE (n=36004) l=0.8484 a=73.0, f1=60.4 (3.7s)
2023-05-14 15:14:25 [INFO ] Saved best checkpoint to out_sleepedf/train/0/best_ckpt/best_model.ckpt
2023-05-14 15:15:30 [INFO ] [e11/200 s8193] TR (n=123691) l=0.8366 a=72.3 f1=63.8 (56.4s)| VA (n=34390) l=1.0731 a=54.8, f1=35.4 (4.6s) | TE (n=36004) l=1.2557 a=48.4, f1=34.5 (3.3s)
2023-05-14 15:16:29 [INFO ] [e12/200 s8930] TR (n=123697) l=0.8725 a=73.4 f1=65.9 (51.1s)| VA (n=34390) l=2.2116 a=44.6, f1=27.7 (4.5s) | TE (n=36004) l=1.7581 a=53.9, f1=35.7 (3.2s)
2023-05-14 15:17:25 [INFO ] [e13/200 s9622] TR (n=123671) l=0.8103 a=74.3 f1=66.7 (48.0s)| VA (n=34390) l=0.6080 a=74.8, f1=53.2 (4.7s) | TE (n=36004) l=0.8280 a=67.4, f1=47.9 (3.3s)
2023-05-14 15:18:28 [INFO ] [e14/200 s10374] TR (n=123708) l=0.8580 a=74.5 f1=66.9 (54.7s)| VA (n=34390) l=1.1677 a=64.1, f1=53.7 (4.6s) | TE (n=36004) l=1.0109 a=66.4, f1=55.1 (3.3s)
2023-05-14 15:19:31 [INFO ] [e15/200 s11126] TR (n=123699) l=0.7910 a=75.5 f1=67.8 (53.9s)| VA (n=34390) l=0.5697 a=77.6, f1=66.2 (4.6s) | TE (n=36004) l=0.8514 a=70.2, f1=59.8 (3.3s)
2023-05-14 15:19:31 [INFO ] Saved best checkpoint to out_sleepedf/train/0/best_ckpt/best_model.ckpt
2023-05-14 15:20:30 [INFO ] [e16/200 s11857] TR (n=123726) l=0.7751 a=75.8 f1=68.4 (50.7s)| VA (n=34390) l=0.5874 a=77.0, f1=61.3 (4.5s) | TE (n=36004) l=0.8987 a=69.0, f1=53.4 (3.3s)
2023-05-14 15:21:28 [INFO ] [e17/200 s12577] TR (n=123709) l=0.7544 a=75.3 f1=68.0 (50.0s)| VA (n=34390) l=2.0266 a=28.1, f1=24.2 (4.6s) | TE (n=36004) l=1.4694 a=39.9, f1=34.8 (3.2s)
2023-05-14 15:22:28 [INFO ] [e18/200 s13313] TR (n=123695) l=0.7448 a=77.3 f1=70.4 (51.4s)| VA (n=34390) l=1.0800 a=63.9, f1=53.6 (4.8s) | TE (n=36004) l=1.1323 a=66.2, f1=53.5 (4.0s)
2023-05-14 15:23:33 [INFO ] [e19/200 s14073] TR (n=123687) l=0.7217 a=77.0 f1=69.9 (56.5s)| VA (n=34390) l=0.5117 a=80.8, f1=69.3 (4.6s) | TE (n=36004) l=0.6728 a=77.5, f1=66.8 (3.3s)
2023-05-14 15:23:33 [INFO ] Saved best checkpoint to out_sleepedf/train/0/best_ckpt/best_model.ckpt
2023-05-14 15:24:41 [INFO ] [e20/200 s14798] TR (n=123701) l=0.7149 a=77.9 f1=71.0 (56.8s)| VA (n=34390) l=1.5065 a=58.5, f1=37.1 (6.2s) | TE (n=36004) l=1.4332 a=62.0, f1=40.2 (3.9s)
2023-05-14 15:25:54 [INFO ] [e21/200 s15554] TR (n=123695) l=0.7348 a=78.1 f1=71.1 (63.7s)| VA (n=34390) l=1.6198 a=41.9, f1=35.3 (5.2s) | TE (n=36004) l=1.3320 a=49.5, f1=41.1 (3.8s)
2023-05-14 15:27:05 [INFO ] [e22/200 s16302] TR (n=123699) l=0.7055 a=78.1 f1=71.5 (61.2s)| VA (n=34390) l=0.5114 a=80.9, f1=73.7 (5.2s) | TE (n=36004) l=0.7608 a=72.4, f1=64.9 (3.7s)
2023-05-14 15:27:05 [INFO ] Saved best checkpoint to out_sleepedf/train/0/best_ckpt/best_model.ckpt
2023-05-14 15:28:14 [INFO ] [e23/200 s17043] TR (n=123699) l=0.6966 a=78.7 f1=72.3 (60.6s)| VA (n=34390) l=0.6995 a=75.3, f1=54.2 (5.1s) | TE (n=36004) l=0.7608 a=75.0, f1=56.4 (3.6s)
2023-05-14 15:29:19 [INFO ] [e24/200 s17726] TR (n=123700) l=0.7324 a=77.9 f1=71.1 (55.1s)| VA (n=34390) l=2.7451 a=24.1, f1=18.6 (5.2s) | TE (n=36004) l=1.8245 a=39.1, f1=31.6 (3.6s)
2023-05-14 15:30:27 [INFO ] [e25/200 s18463] TR (n=123684) l=0.7046 a=78.6 f1=71.8 (59.6s)| VA (n=34390) l=1.7565 a=54.4, f1=49.7 (5.1s) | TE (n=36004) l=1.2293 a=65.5, f1=58.3 (3.8s)
2023-05-14 15:31:38 [INFO ] [e26/200 s19218] TR (n=123673) l=0.6988 a=78.9 f1=72.4 (61.4s)| VA (n=34390) l=0.6641 a=76.4, f1=59.6 (5.1s) | TE (n=36004) l=0.7569 a=73.2, f1=58.1 (3.6s)
2023-05-14 15:32:44 [INFO ] [e27/200 s19926] TR (n=123688) l=0.7090 a=78.9 f1=72.7 (57.3s)| VA (n=34390) l=3.1626 a=17.9, f1=22.3 (5.2s) | TE (n=36004) l=2.3754 a=24.9, f1=26.6 (3.7s)
2023-05-14 15:33:51 [INFO ] [e28/200 s20654] TR (n=123701) l=0.6938 a=79.6 f1=73.0 (58.3s)| VA (n=34390) l=1.0791 a=67.6, f1=59.9 (5.1s) | TE (n=36004) l=0.9279 a=72.4, f1=64.1 (3.6s)
2023-05-14 15:35:01 [INFO ] [e29/200 s21408] TR (n=123697) l=0.6715 a=79.4 f1=73.0 (60.6s)| VA (n=34390) l=0.4470 a=84.0, f1=75.8 (5.1s) | TE (n=36004) l=0.7011 a=77.5, f1=69.1 (3.7s)
2023-05-14 15:35:01 [INFO ] Saved best checkpoint to out_sleepedf/train/0/best_ckpt/best_model.ckpt
2023-05-14 15:36:11 [INFO ] [e30/200 s22168] TR (n=123717) l=0.6782 a=80.0 f1=73.8 (61.5s)| VA (n=34390) l=0.5912 a=80.9, f1=71.5 (5.1s) | TE (n=36004) l=0.7279 a=77.1, f1=67.7 (3.7s)
2023-05-14 15:37:20 [INFO ] [e31/200 s22913] TR (n=123716) l=0.6767 a=79.2 f1=72.9 (59.8s)| VA (n=34390) l=0.4948 a=80.2, f1=70.5 (5.1s) | TE (n=36004) l=0.6975 a=73.7, f1=63.9 (3.7s)
2023-05-14 15:38:27 [INFO ] [e32/200 s23639] TR (n=123715) l=0.6488 a=79.6 f1=72.9 (58.1s)| VA (n=34390) l=0.6907 a=76.6, f1=55.3 (5.2s) | TE (n=36004) l=0.8864 a=74.1, f1=55.7 (3.7s)
2023-05-14 15:39:35 [INFO ] [e33/200 s24375] TR (n=123736) l=0.7069 a=79.9 f1=73.5 (59.1s)| VA (n=34390) l=0.4755 a=83.2, f1=74.7 (5.0s) | TE (n=36004) l=0.6801 a=77.0, f1=68.1 (3.6s)
2023-05-14 15:40:43 [INFO ] [e34/200 s25105] TR (n=123705) l=0.6852 a=79.9 f1=73.7 (58.6s)| VA (n=34390) l=0.8124 a=72.2, f1=66.4 (5.1s) | TE (n=36004) l=0.7809 a=74.1, f1=67.1 (3.6s)
2023-05-14 15:41:53 [INFO ] [e35/200 s25839] TR (n=123692) l=0.6399 a=80.0 f1=73.8 (60.3s)| VA (n=34390) l=0.5341 a=80.8, f1=67.4 (5.2s) | TE (n=36004) l=0.7434 a=77.5, f1=65.0 (4.4s)
2023-05-14 15:43:02 [INFO ] [e36/200 s26581] TR (n=123707) l=0.6493 a=80.1 f1=74.0 (59.9s)| VA (n=34390) l=1.8986 a=56.5, f1=40.7 (5.2s) | TE (n=36004) l=1.3362 a=67.2, f1=50.8 (3.7s)
2023-05-14 15:44:10 [INFO ] [e37/200 s27314] TR (n=123709) l=0.6486 a=80.9 f1=74.8 (58.6s)| VA (n=34390) l=1.1493 a=65.9, f1=49.3 (5.1s) | TE (n=36004) l=0.9969 a=71.1, f1=54.1 (3.7s)
2023-05-14 15:45:16 [INFO ] [e38/200 s28028] TR (n=123709) l=0.6148 a=80.3 f1=74.1 (56.9s)| VA (n=34390) l=1.2128 a=52.8, f1=47.0 (5.3s) | TE (n=36004) l=1.1408 a=53.6, f1=49.0 (3.6s)
2023-05-14 15:46:22 [INFO ] [e39/200 s28736] TR (n=123694) l=0.6248 a=80.5 f1=74.4 (56.6s)| VA (n=34390) l=0.6873 a=77.3, f1=70.9 (5.3s) | TE (n=36004) l=0.7055 a=74.1, f1=68.5 (3.8s)
2023-05-14 15:47:32 [INFO ] [e40/200 s29495] TR (n=123699) l=0.7173 a=80.6 f1=74.6 (60.9s)| VA (n=34390) l=0.6257 a=79.2, f1=72.2 (5.0s) | TE (n=36004) l=0.7798 a=75.5, f1=68.8 (3.6s)
2023-05-14 15:48:38 [INFO ] [e41/200 s30211] TR (n=123695) l=0.6770 a=80.1 f1=73.8 (57.0s)| VA (n=34390) l=0.8266 a=72.6, f1=45.6 (5.1s) | TE (n=36004) l=1.2374 a=67.8, f1=44.5 (3.7s)
2023-05-14 15:49:42 [INFO ] [e42/200 s30916] TR (n=123690) l=0.5991 a=81.2 f1=75.0 (55.7s)| VA (n=34390) l=0.4861 a=83.2, f1=77.2 (5.0s) | TE (n=36004) l=0.6441 a=78.4, f1=73.0 (3.6s)
2023-05-14 15:50:52 [INFO ] [e43/200 s31667] TR (n=123706) l=0.6366 a=80.8 f1=74.9 (60.4s)| VA (n=34390) l=0.9800 a=70.5, f1=65.6 (5.2s) | TE (n=36004) l=0.8219 a=74.0, f1=69.2 (3.8s)
2023-05-14 15:52:02 [INFO ] [e44/200 s32431] TR (n=123726) l=0.6235 a=80.7 f1=74.9 (61.0s)| VA (n=34390) l=0.6604 a=76.8, f1=71.5 (5.1s) | TE (n=36004) l=0.7588 a=74.3, f1=68.9 (3.6s)
2023-05-14 15:53:05 [INFO ] [e45/200 s33119] TR (n=123713) l=0.5990 a=81.0 f1=75.1 (54.6s)| VA (n=34390) l=0.5586 a=78.7, f1=67.3 (5.0s) | TE (n=36004) l=0.7271 a=77.1, f1=65.0 (3.6s)
2023-05-14 15:54:15 [INFO ] [e46/200 s33872] TR (n=123704) l=0.6257 a=81.3 f1=75.3 (60.9s)| VA (n=34390) l=0.8083 a=72.5, f1=69.6 (4.7s) | TE (n=36004) l=0.7769 a=71.2, f1=67.8 (3.4s)
2023-05-14 15:55:17 [INFO ] [e47/200 s34619] TR (n=123695) l=0.6359 a=80.9 f1=74.9 (53.9s)| VA (n=34390) l=0.5986 a=76.7, f1=68.4 (4.6s) | TE (n=36004) l=0.7197 a=74.4, f1=65.8 (3.3s)
2023-05-14 15:56:20 [INFO ] [e48/200 s35369] TR (n=123687) l=0.6576 a=80.9 f1=75.0 (54.1s)| VA (n=34390) l=0.6875 a=73.5, f1=65.3 (5.1s) | TE (n=36004) l=0.8491 a=63.8, f1=57.9 (3.7s)
2023-05-14 15:57:22 [INFO ] [e49/200 s36104] TR (n=123712) l=0.6319 a=81.0 f1=75.1 (54.2s)| VA (n=34390) l=0.5002 a=82.5, f1=72.3 (4.6s) | TE (n=36004) l=0.7077 a=78.4, f1=68.1 (3.2s)
2023-05-14 15:58:23 [INFO ] [e50/200 s36839] TR (n=123709) l=0.6124 a=81.7 f1=75.8 (52.6s)| VA (n=34390) l=0.5195 a=81.1, f1=73.6 (4.5s) | TE (n=36004) l=0.6499 a=78.0, f1=70.6 (3.2s)
2023-05-14 15:58:23 [INFO ] >> Confusion Matrix
2023-05-14 15:58:23 [INFO ] [[ 9397   628   200     5   135]
 [  735  1714  1499    29   474]
 [   78   822 11779   186   864]
 [   10    18  1116  1169    21]
 [   90   240   698    65  4032]]
2023-05-14 15:59:23 [INFO ] [e51/200 s37569] TR (n=123710) l=0.5944 a=81.8 f1=76.3 (52.2s)| VA (n=34390) l=0.7298 a=75.8, f1=65.9 (4.5s) | TE (n=36004) l=0.7412 a=74.9, f1=64.2 (3.2s)
2023-05-14 16:00:22 [INFO ] [e52/200 s38287] TR (n=123712) l=0.6317 a=81.6 f1=76.1 (51.4s)| VA (n=34390) l=3.1007 a=46.4, f1=39.5 (4.5s) | TE (n=36004) l=2.2219 a=55.6, f1=46.5 (3.2s)
2023-05-14 16:01:22 [INFO ] [e53/200 s39018] TR (n=123694) l=0.6327 a=81.5 f1=75.7 (52.2s)| VA (n=34390) l=0.6942 a=73.3, f1=66.8 (4.5s) | TE (n=36004) l=0.8156 a=67.9, f1=62.6 (3.2s)
2023-05-14 16:02:22 [INFO ] [e54/200 s39742] TR (n=123704) l=0.6156 a=81.5 f1=75.8 (51.9s)| VA (n=34390) l=0.5834 a=79.9, f1=73.7 (4.5s) | TE (n=36004) l=0.6385 a=79.9, f1=74.1 (3.2s)
2023-05-14 17:18:04 [INFO ] [e55/200 s40490] TR (n=123708) l=0.6013 a=82.0 f1=76.4 (61.6s)| VA (n=34390) l=0.5477 a=82.4, f1=74.8 (5.2s) | TE (n=36004) l=0.6809 a=79.5, f1=73.4 (4.0s)
2023-05-14 17:20:18 [INFO ] [e56/200 s41217] TR (n=123700) l=0.5886 a=81.9 f1=76.3 (51.8s)| VA (n=34390) l=0.9803 a=68.8, f1=61.0 (4.6s) | TE (n=36004) l=0.9166 a=68.3, f1=58.0 (3.2s)
2023-05-14 17:21:19 [INFO ] [e57/200 s41941] TR (n=123698) l=0.5610 a=81.7 f1=75.7 (52.2s)| VA (n=34390) l=1.2209 a=63.3, f1=52.1 (4.5s) | TE (n=36004) l=0.9342 a=66.9, f1=52.8 (3.6s)
2023-05-14 17:22:23 [INFO ] [e58/200 s42697] TR (n=123699) l=0.6024 a=81.6 f1=75.9 (55.8s)| VA (n=34390) l=0.9673 a=62.8, f1=56.1 (4.5s) | TE (n=36004) l=1.1526 a=54.2, f1=49.7 (3.4s)
2023-05-14 17:23:23 [INFO ] [e59/200 s43426] TR (n=123687) l=0.6410 a=81.9 f1=76.5 (52.4s)| VA (n=34390) l=0.8948 a=70.6, f1=62.7 (4.4s) | TE (n=36004) l=0.8060 a=72.9, f1=62.7 (3.2s)
2023-05-14 17:24:23 [INFO ] [e60/200 s44161] TR (n=123691) l=0.5679 a=82.1 f1=76.6 (52.4s)| VA (n=34390) l=0.6207 a=76.0, f1=58.9 (4.4s) | TE (n=36004) l=0.8924 a=70.1, f1=52.1 (3.2s)
2023-05-14 17:28:48 [INFO ] [e61/200 s44895] TR (n=123711) l=0.5996 a=82.0 f1=76.2 (53.6s)| VA (n=34390) l=0.9380 a=74.0, f1=67.8 (4.4s) | TE (n=36004) l=0.8238 a=77.2, f1=70.7 (3.2s)
2023-05-14 17:29:48 [INFO ] [e62/200 s45623] TR (n=123703) l=0.5802 a=82.2 f1=76.8 (51.5s)| VA (n=34390) l=0.5024 a=81.5, f1=76.1 (4.4s) | TE (n=36004) l=0.7458 a=76.2, f1=71.8 (3.2s)
2023-05-14 17:30:47 [INFO ] [e63/200 s46333] TR (n=123725) l=0.5640 a=81.8 f1=76.3 (51.1s)| VA (n=34390) l=1.1087 a=66.3, f1=50.2 (4.6s) | TE (n=36004) l=0.8962 a=71.1, f1=55.6 (3.3s)
2023-05-14 17:31:48 [INFO ] [e64/200 s47080] TR (n=123687) l=0.5872 a=81.6 f1=76.0 (53.7s)| VA (n=34390) l=0.4641 a=82.2, f1=76.1 (4.4s) | TE (n=36004) l=0.6412 a=79.6, f1=74.2 (3.2s)
2023-05-14 17:32:54 [INFO ] [e65/200 s47827] TR (n=123715) l=0.5975 a=82.4 f1=77.0 (53.6s)| VA (n=34390) l=0.6548 a=76.6, f1=70.6 (4.5s) | TE (n=36004) l=0.7974 a=69.9, f1=65.3 (3.3s)
2023-05-14 17:33:56 [INFO ] [e66/200 s48581] TR (n=123706) l=0.5709 a=82.5 f1=77.2 (53.9s)| VA (n=34390) l=0.5510 a=78.8, f1=61.1 (4.7s) | TE (n=36004) l=0.8967 a=74.1, f1=57.7 (3.3s)
2023-05-14 17:34:58 [INFO ] [e67/200 s49328] TR (n=123665) l=0.5876 a=82.2 f1=76.8 (54.1s)| VA (n=34390) l=0.6586 a=75.6, f1=67.6 (4.7s) | TE (n=36004) l=0.8565 a=68.4, f1=62.7 (3.4s)
2023-05-14 17:35:58 [INFO ] [e68/200 s50048] TR (n=123702) l=0.5996 a=82.5 f1=77.2 (52.0s)| VA (n=34390) l=0.7968 a=73.1, f1=61.3 (4.4s) | TE (n=36004) l=0.8300 a=72.9, f1=60.6 (3.2s)
2023-05-14 17:36:59 [INFO ] [e69/200 s50784] TR (n=123701) l=0.5926 a=82.2 f1=76.9 (52.6s)| VA (n=34390) l=1.8809 a=45.4, f1=36.5 (4.5s) | TE (n=36004) l=1.1626 a=59.7, f1=48.0 (3.2s)
2023-05-14 17:38:00 [INFO ] [e70/200 s51526] TR (n=123726) l=0.5501 a=82.3 f1=77.0 (53.3s)| VA (n=34390) l=0.5624 a=78.1, f1=66.1 (4.4s) | TE (n=36004) l=0.7123 a=74.5, f1=62.4 (3.2s)
2023-05-14 17:39:01 [INFO ] [e71/200 s52262] TR (n=123703) l=0.6001 a=82.1 f1=76.5 (53.1s)| VA (n=34390) l=0.8096 a=72.1, f1=68.5 (4.5s) | TE (n=36004) l=0.7614 a=72.1, f1=66.8 (3.2s)
2023-05-14 17:40:03 [INFO ] [e72/200 s53018] TR (n=123718) l=0.5460 a=82.7 f1=77.3 (54.7s)| VA (n=34390) l=0.6376 a=77.1, f1=71.1 (4.4s) | TE (n=36004) l=0.6393 a=77.5, f1=72.5 (3.2s)
2023-05-14 17:41:04 [INFO ] [e73/200 s53758] TR (n=123704) l=0.5947 a=82.2 f1=76.9 (53.0s)| VA (n=34390) l=1.0727 a=61.8, f1=44.3 (4.4s) | TE (n=36004) l=1.4307 a=51.8, f1=38.5 (3.2s)
2023-05-14 17:42:05 [INFO ] [e74/200 s54490] TR (n=123692) l=0.5568 a=82.2 f1=76.6 (52.4s)| VA (n=34390) l=0.4677 a=84.2, f1=75.6 (4.4s) | TE (n=36004) l=0.6752 a=79.2, f1=70.1 (3.2s)
2023-05-14 17:43:07 [INFO ] [e75/200 s55245] TR (n=123691) l=0.5754 a=82.4 f1=77.0 (54.3s)| VA (n=34390) l=0.5925 a=78.4, f1=69.7 (4.5s) | TE (n=36004) l=0.9297 a=74.6, f1=67.1 (3.2s)
2023-05-14 17:44:10 [INFO ] [e76/200 s55992] TR (n=123695) l=0.6391 a=82.3 f1=77.0 (54.0s)| VA (n=34390) l=1.6948 a=58.0, f1=47.7 (5.7s) | TE (n=36004) l=1.2466 a=67.1, f1=54.2 (3.4s)
2023-05-14 17:45:12 [INFO ] [e77/200 s56739] TR (n=123686) l=0.5564 a=82.3 f1=76.7 (53.6s)| VA (n=34390) l=0.6316 a=77.1, f1=72.0 (4.5s) | TE (n=36004) l=0.6417 a=75.6, f1=70.1 (3.2s)
2023-05-14 17:46:13 [INFO ] [e78/200 s57486] TR (n=123686) l=0.5661 a=82.3 f1=76.9 (53.3s)| VA (n=34390) l=0.5180 a=79.2, f1=66.6 (4.4s) | TE (n=36004) l=0.7454 a=72.1, f1=58.6 (3.2s)
2023-05-14 17:47:13 [INFO ] [e79/200 s58217] TR (n=123706) l=0.5929 a=82.6 f1=77.2 (52.2s)| VA (n=34390) l=0.4474 a=82.8, f1=76.8 (4.4s) | TE (n=36004) l=0.6822 a=79.2, f1=73.0 (3.2s)
2023-05-14 17:48:15 [INFO ] [e80/200 s58978] TR (n=123699) l=0.5239 a=83.2 f1=77.8 (54.6s)| VA (n=34390) l=0.6440 a=80.0, f1=68.1 (4.4s) | TE (n=36004) l=0.8113 a=76.7, f1=64.1 (3.2s)
2023-05-14 17:49:17 [INFO ] [e81/200 s59734] TR (n=123688) l=0.6225 a=82.3 f1=77.0 (54.2s)| VA (n=34390) l=0.4770 a=83.4, f1=78.2 (4.4s) | TE (n=36004) l=0.5416 a=81.7, f1=76.9 (3.2s)
2023-05-14 17:50:16 [INFO ] [e82/200 s60443] TR (n=123709) l=0.5701 a=82.3 f1=76.6 (50.8s)| VA (n=34390) l=0.5356 a=80.3, f1=74.3 (4.6s) | TE (n=36004) l=0.8508 a=71.1, f1=65.3 (3.2s)
2023-05-14 17:51:16 [INFO ] [e83/200 s61173] TR (n=123687) l=0.5805 a=83.0 f1=78.0 (52.7s)| VA (n=34390) l=0.4668 a=82.9, f1=76.6 (4.5s) | TE (n=36004) l=0.7081 a=78.6, f1=73.1 (3.2s)
2023-05-14 17:52:17 [INFO ] [e84/200 s61907] TR (n=123718) l=0.4906 a=83.1 f1=77.6 (52.4s)| VA (n=34390) l=0.4601 a=83.7, f1=75.9 (4.4s) | TE (n=36004) l=0.7481 a=76.6, f1=68.2 (3.2s)
2023-05-14 17:53:18 [INFO ] [e85/200 s62665] TR (n=123682) l=0.5631 a=83.3 f1=77.9 (54.0s)| VA (n=34390) l=0.5455 a=76.3, f1=60.7 (4.4s) | TE (n=36004) l=0.7873 a=68.7, f1=56.2 (3.2s)
2023-05-14 17:54:18 [INFO ] [e86/200 s63385] TR (n=123697) l=0.5603 a=82.6 f1=77.7 (51.3s)| VA (n=34390) l=0.8161 a=75.4, f1=68.2 (4.4s) | TE (n=36004) l=0.7359 a=75.2, f1=68.7 (3.2s)
2023-05-14 17:55:17 [INFO ] [e87/200 s64104] TR (n=123700) l=0.5845 a=82.9 f1=77.4 (51.3s)| VA (n=34390) l=0.5570 a=77.4, f1=67.0 (4.4s) | TE (n=36004) l=0.6823 a=76.8, f1=65.4 (3.2s)
2023-05-14 17:56:18 [INFO ] [e88/200 s64844] TR (n=123712) l=0.5752 a=82.7 f1=77.6 (53.8s)| VA (n=34390) l=0.6641 a=78.5, f1=68.9 (4.5s) | TE (n=36004) l=0.7238 a=74.8, f1=63.6 (3.3s)
2023-05-14 17:58:24 [INFO ] [e89/200 s65578] TR (n=123697) l=0.5445 a=82.8 f1=77.5 (54.3s)| VA (n=34390) l=0.5208 a=81.5, f1=75.4 (5.5s) | TE (n=36004) l=0.6625 a=80.2, f1=74.9 (3.3s)
2023-05-14 18:40:29 [INFO ] [e90/200 s66328] TR (n=123697) l=0.5389 a=83.3 f1=77.9 (57.2s)| VA (n=34390) l=0.5805 a=76.4, f1=70.5 (4.4s) | TE (n=36004) l=0.6848 a=71.6, f1=66.4 (3.1s)
2023-05-14 19:31:08 [INFO ] [e91/200 s67023] TR (n=123693) l=0.5482 a=83.1 f1=78.0 (51.7s)| VA (n=34390) l=0.8536 a=67.8, f1=51.1 (4.8s) | TE (n=36004) l=1.2178 a=60.0, f1=47.1 (3.3s)
2023-05-14 19:32:12 [INFO ] [e92/200 s67773] TR (n=123717) l=0.5115 a=82.9 f1=77.7 (54.6s)| VA (n=34390) l=0.6795 a=77.3, f1=71.7 (5.5s) | TE (n=36004) l=0.7160 a=75.7, f1=70.2 (3.6s)
2023-05-14 19:33:15 [INFO ] [e93/200 s68507] TR (n=123692) l=0.5552 a=82.8 f1=77.6 (54.3s)| VA (n=34390) l=1.9337 a=50.8, f1=34.7 (4.8s) | TE (n=36004) l=1.4561 a=57.7, f1=43.0 (3.4s)
2023-05-14 19:34:19 [INFO ] [e94/200 s69246] TR (n=123703) l=0.5580 a=83.0 f1=77.5 (54.9s)| VA (n=34390) l=1.0974 a=62.0, f1=61.8 (5.0s) | TE (n=36004) l=0.8699 a=65.8, f1=64.0 (3.8s)
2023-05-14 19:35:24 [INFO ] [e95/200 s69996] TR (n=123702) l=0.5073 a=83.2 f1=78.1 (55.7s)| VA (n=34390) l=0.5180 a=80.3, f1=73.2 (5.1s) | TE (n=36004) l=0.6725 a=75.4, f1=67.0 (3.4s)
2023-05-14 19:36:29 [INFO ] [e96/200 s70732] TR (n=123686) l=0.5705 a=82.8 f1=77.8 (55.4s)| VA (n=34390) l=3.1908 a=31.4, f1=27.3 (5.2s) | TE (n=36004) l=2.4383 a=35.1, f1=27.8 (3.9s)
2023-05-14 19:37:30 [INFO ] [e97/200 s71434] TR (n=123693) l=0.5179 a=83.1 f1=77.9 (51.5s)| VA (n=34390) l=1.8921 a=50.3, f1=52.6 (5.1s) | TE (n=36004) l=1.1452 a=64.0, f1=61.2 (3.6s)
2023-05-14 19:38:35 [INFO ] [e98/200 s72178] TR (n=123694) l=0.5438 a=82.9 f1=77.8 (56.0s)| VA (n=34390) l=0.5120 a=80.6, f1=70.7 (4.8s) | TE (n=36004) l=0.6909 a=77.7, f1=67.2 (3.6s)
2023-05-14 19:39:36 [INFO ] [e99/200 s72889] TR (n=123686) l=0.5083 a=83.1 f1=77.8 (51.5s)| VA (n=34390) l=0.7403 a=76.7, f1=71.0 (5.3s) | TE (n=36004) l=0.6884 a=76.7, f1=71.3 (3.9s)
2023-05-14 19:40:41 [INFO ] [e100/200 s73650] TR (n=123693) l=0.5124 a=83.4 f1=78.3 (56.8s)| VA (n=34390) l=0.6142 a=77.5, f1=65.8 (4.6s) | TE (n=36004) l=0.7054 a=73.6, f1=61.7 (3.3s)
2023-05-14 19:40:41 [INFO ] >> Confusion Matrix
2023-05-14 19:40:41 [INFO ] [[ 9606   503   109     1   146]
 [ 1184  2210   621     0   436]
 [   68  1954 10081     0  1626]
 [    0   216  1673   318   127]
 [  116   426   285     0  4298]]
2023-05-14 19:41:43 [INFO ] [e101/200 s74389] TR (n=123720) l=0.5567 a=83.6 f1=78.6 (52.8s)| VA (n=34390) l=1.4861 a=63.4, f1=61.0 (5.1s) | TE (n=36004) l=1.1272 a=70.7, f1=65.5 (3.3s)
2023-05-14 19:42:46 [INFO ] [e102/200 s75137] TR (n=123678) l=0.5880 a=83.2 f1=78.3 (54.0s)| VA (n=34390) l=0.4344 a=83.6, f1=77.1 (5.2s) | TE (n=36004) l=0.6674 a=77.8, f1=71.9 (3.8s)
2023-05-14 19:43:50 [INFO ] [e103/200 s75899] TR (n=123723) l=0.5143 a=83.2 f1=78.0 (55.3s)| VA (n=34390) l=2.1248 a=42.0, f1=44.7 (4.8s) | TE (n=36004) l=1.2841 a=54.5, f1=52.4 (3.6s)
2023-05-14 19:44:54 [INFO ] [e104/200 s76638] TR (n=123713) l=0.5160 a=83.6 f1=78.8 (54.2s)| VA (n=34390) l=0.6330 a=79.0, f1=67.9 (4.9s) | TE (n=36004) l=0.9940 a=73.9, f1=64.0 (3.7s)
2023-05-14 19:45:59 [INFO ] [e105/200 s77398] TR (n=123680) l=0.5138 a=83.7 f1=78.8 (56.8s)| VA (n=34390) l=0.5099 a=81.8, f1=68.6 (4.7s) | TE (n=36004) l=0.7690 a=78.6, f1=65.6 (3.4s)
2023-05-14 19:47:00 [INFO ] [e106/200 s78112] TR (n=123673) l=0.5161 a=83.6 f1=78.6 (52.2s)| VA (n=34390) l=0.6953 a=75.3, f1=70.5 (4.9s) | TE (n=36004) l=0.6819 a=76.3, f1=72.3 (3.3s)
2023-05-14 19:48:05 [INFO ] [e107/200 s78868] TR (n=123716) l=0.5407 a=83.7 f1=78.9 (56.9s)| VA (n=34390) l=2.2192 a=39.9, f1=43.1 (4.6s) | TE (n=36004) l=1.3833 a=50.2, f1=50.4 (3.3s)
2023-05-14 19:49:09 [INFO ] [e108/200 s79629] TR (n=123700) l=0.5374 a=83.6 f1=78.6 (55.1s)| VA (n=34390) l=1.3210 a=54.0, f1=36.2 (4.8s) | TE (n=36004) l=1.6184 a=47.1, f1=34.6 (3.3s)
2023-05-14 19:50:12 [INFO ] [e109/200 s80388] TR (n=123703) l=0.5255 a=83.4 f1=78.4 (54.5s)| VA (n=34390) l=0.5704 a=80.4, f1=72.6 (4.5s) | TE (n=36004) l=0.6755 a=76.3, f1=69.4 (3.2s)
2023-05-14 19:51:12 [INFO ] [e110/200 s81116] TR (n=123675) l=0.5574 a=83.4 f1=78.4 (52.1s)| VA (n=34390) l=0.6000 a=76.2, f1=72.4 (4.6s) | TE (n=36004) l=0.6026 a=77.3, f1=73.5 (3.3s)
2023-05-14 19:52:15 [INFO ] [e111/200 s81864] TR (n=123686) l=0.5585 a=83.6 f1=78.5 (54.7s)| VA (n=34390) l=0.4762 a=81.7, f1=76.3 (4.9s) | TE (n=36004) l=0.6778 a=80.4, f1=74.2 (3.5s)
2023-05-14 19:53:13 [INFO ] [e112/200 s82542] TR (n=123707) l=0.4990 a=83.8 f1=78.8 (49.0s)| VA (n=34390) l=0.5280 a=81.0, f1=75.5 (4.7s) | TE (n=36004) l=0.6583 a=78.3, f1=72.6 (3.4s)
2023-05-14 19:54:14 [INFO ] [e113/200 s83293] TR (n=123714) l=0.5616 a=83.7 f1=78.7 (53.1s)| VA (n=34390) l=1.2546 a=64.1, f1=57.8 (4.5s) | TE (n=36004) l=1.1410 a=70.6, f1=61.7 (3.3s)
2023-05-14 19:55:14 [INFO ] [e114/200 s84014] TR (n=123697) l=0.5352 a=83.7 f1=78.6 (51.1s)| VA (n=34390) l=0.4278 a=84.1, f1=79.2 (4.9s) | TE (n=36004) l=0.5659 a=81.9, f1=77.5 (3.4s)
2023-05-14 19:55:14 [INFO ] Saved best checkpoint to out_sleepedf/train/0/best_ckpt/best_model.ckpt
2023-05-14 19:56:16 [INFO ] [e115/200 s84751] TR (n=123687) l=0.5065 a=83.4 f1=78.5 (53.3s)| VA (n=34390) l=0.7167 a=74.4, f1=61.9 (4.9s) | TE (n=36004) l=0.7720 a=73.4, f1=61.9 (3.4s)
2023-05-14 19:57:19 [INFO ] [e116/200 s85494] TR (n=123690) l=0.5186 a=83.9 f1=79.1 (54.0s)| VA (n=34390) l=0.7751 a=68.9, f1=60.3 (4.8s) | TE (n=36004) l=0.9493 a=69.6, f1=64.6 (3.7s)
